INFO  | 2021-09-06 20:58:07 | [main] hibernate.Version (Version.java:45) - HHH000412: Hibernate Core {5.2.9.Final}
INFO  | 2021-09-06 20:58:07 | [main] cfg.Environment (Environment.java:213) - HHH000206: hibernate.properties not found
WARN  | 2021-09-06 20:58:07 | [main] stax.LocalXmlResourceResolver (LocalXmlResourceResolver.java:91) - HHH90000012: Recognized obsolete hibernate namespace http://hibernate.sourceforge.net/hibernate-configuration. Use namespace http://www.hibernate.org/dtd/hibernate-configuration instead.  Support for obsolete DTD/XSD namespaces may be removed at any time.
INFO  | 2021-09-06 20:58:08 | [main] java.JavaReflectionManager (JavaReflectionManager.java:66) - HCANN000001: Hibernate Commons Annotations {5.0.1.Final}
WARN  | 2021-09-06 20:58:08 | [main] internal.DriverManagerConnectionProviderImpl (DriverManagerConnectionProviderImpl.java:70) - HHH10001002: Using Hibernate built-in connection pool (not for production use!)
INFO  | 2021-09-06 20:58:08 | [main] internal.DriverManagerConnectionProviderImpl (DriverManagerConnectionProviderImpl.java:126) - HHH10001005: using driver [com.mysql.jdbc.Driver] at URL [jdbc:mysql://localhost:3306/hibernate_assignment]
INFO  | 2021-09-06 20:58:08 | [main] internal.DriverManagerConnectionProviderImpl (DriverManagerConnectionProviderImpl.java:135) - HHH10001001: Connection properties: {user=root, password=****}
INFO  | 2021-09-06 20:58:08 | [main] internal.DriverManagerConnectionProviderImpl (DriverManagerConnectionProviderImpl.java:140) - HHH10001003: Autocommit mode: false
INFO  | 2021-09-06 20:58:08 | [main] internal.PooledConnections (PooledConnections.java:41) - HHH000115: Hibernate connection pool size: 10 (min=1)
INFO  | 2021-09-06 20:58:08 | [main] dialect.Dialect (Dialect.java:157) - HHH000400: Using dialect: org.hibernate.dialect.MySQL57Dialect
INFO  | 2021-09-06 20:58:09 | [main] internal.DdlTransactionIsolatorNonJtaImpl (DdlTransactionIsolatorNonJtaImpl.java:47) - HHH10001501: Connection obtained from JdbcConnectionAccess [org.hibernate.engine.jdbc.env.internal.JdbcEnvironmentInitiator$ConnectionProviderJdbcConnectionAccess@5b970f7] for (non-JTA) DDL execution was not in auto-commit mode; the Connection 'local transaction' will be committed and the Connection will be set into auto-commit mode.
INFO  | 2021-09-06 20:58:09 | [main] internal.DdlTransactionIsolatorNonJtaImpl (DdlTransactionIsolatorNonJtaImpl.java:47) - HHH10001501: Connection obtained from JdbcConnectionAccess [org.hibernate.engine.jdbc.env.internal.JdbcEnvironmentInitiator$ConnectionProviderJdbcConnectionAccess@f9d87b] for (non-JTA) DDL execution was not in auto-commit mode; the Connection 'local transaction' will be committed and the Connection will be set into auto-commit mode.
INFO  | 2021-09-06 20:58:09 | [main] internal.SchemaCreatorImpl (SchemaCreatorImpl.java:489) - HHH000476: Executing import script 'org.hibernate.tool.schema.internal.exec.ScriptSourceInputNonExistentImpl@70dd7e15'
INFO  | 2021-09-06 20:58:09 | [main] internal.DriverManagerConnectionProviderImpl (DriverManagerConnectionProviderImpl.java:230) - HHH10001008: Cleaning up connection pool [jdbc:mysql://localhost:3306/hibernate_assignment]
INFO  | 2021-09-06 21:34:29 | [main] hibernate.Version (Version.java:45) - HHH000412: Hibernate Core {5.2.9.Final}
INFO  | 2021-09-06 21:34:29 | [main] cfg.Environment (Environment.java:213) - HHH000206: hibernate.properties not found
WARN  | 2021-09-06 21:34:29 | [main] stax.LocalXmlResourceResolver (LocalXmlResourceResolver.java:91) - HHH90000012: Recognized obsolete hibernate namespace http://hibernate.sourceforge.net/hibernate-configuration. Use namespace http://www.hibernate.org/dtd/hibernate-configuration instead.  Support for obsolete DTD/XSD namespaces may be removed at any time.
INFO  | 2021-09-06 21:34:29 | [main] java.JavaReflectionManager (JavaReflectionManager.java:66) - HCANN000001: Hibernate Commons Annotations {5.0.1.Final}
WARN  | 2021-09-06 21:34:29 | [main] internal.DriverManagerConnectionProviderImpl (DriverManagerConnectionProviderImpl.java:70) - HHH10001002: Using Hibernate built-in connection pool (not for production use!)
INFO  | 2021-09-06 21:34:29 | [main] internal.DriverManagerConnectionProviderImpl (DriverManagerConnectionProviderImpl.java:126) - HHH10001005: using driver [com.mysql.jdbc.Driver] at URL [jdbc:mysql://localhost:3306/hibernate_assignment]
INFO  | 2021-09-06 21:34:29 | [main] internal.DriverManagerConnectionProviderImpl (DriverManagerConnectionProviderImpl.java:135) - HHH10001001: Connection properties: {user=root, password=****}
INFO  | 2021-09-06 21:34:29 | [main] internal.DriverManagerConnectionProviderImpl (DriverManagerConnectionProviderImpl.java:140) - HHH10001003: Autocommit mode: false
INFO  | 2021-09-06 21:34:29 | [main] internal.PooledConnections (PooledConnections.java:41) - HHH000115: Hibernate connection pool size: 10 (min=1)
INFO  | 2021-09-06 21:34:30 | [main] dialect.Dialect (Dialect.java:157) - HHH000400: Using dialect: org.hibernate.dialect.MySQL57Dialect
INFO  | 2021-09-06 21:35:43 | [main] hibernate.Version (Version.java:45) - HHH000412: Hibernate Core {5.2.9.Final}
INFO  | 2021-09-06 21:35:43 | [main] cfg.Environment (Environment.java:213) - HHH000206: hibernate.properties not found
WARN  | 2021-09-06 21:35:43 | [main] stax.LocalXmlResourceResolver (LocalXmlResourceResolver.java:91) - HHH90000012: Recognized obsolete hibernate namespace http://hibernate.sourceforge.net/hibernate-configuration. Use namespace http://www.hibernate.org/dtd/hibernate-configuration instead.  Support for obsolete DTD/XSD namespaces may be removed at any time.
INFO  | 2021-09-06 21:35:43 | [main] java.JavaReflectionManager (JavaReflectionManager.java:66) - HCANN000001: Hibernate Commons Annotations {5.0.1.Final}
WARN  | 2021-09-06 21:35:43 | [main] internal.DriverManagerConnectionProviderImpl (DriverManagerConnectionProviderImpl.java:70) - HHH10001002: Using Hibernate built-in connection pool (not for production use!)
INFO  | 2021-09-06 21:35:43 | [main] internal.DriverManagerConnectionProviderImpl (DriverManagerConnectionProviderImpl.java:126) - HHH10001005: using driver [com.mysql.jdbc.Driver] at URL [jdbc:mysql://localhost:3306/hibernate_assignment]
INFO  | 2021-09-06 21:35:43 | [main] internal.DriverManagerConnectionProviderImpl (DriverManagerConnectionProviderImpl.java:135) - HHH10001001: Connection properties: {user=root, password=****}
INFO  | 2021-09-06 21:35:43 | [main] internal.DriverManagerConnectionProviderImpl (DriverManagerConnectionProviderImpl.java:140) - HHH10001003: Autocommit mode: false
INFO  | 2021-09-06 21:35:43 | [main] internal.PooledConnections (PooledConnections.java:41) - HHH000115: Hibernate connection pool size: 10 (min=1)
INFO  | 2021-09-06 21:35:43 | [main] dialect.Dialect (Dialect.java:157) - HHH000400: Using dialect: org.hibernate.dialect.MySQL57Dialect
INFO  | 2021-09-06 21:35:44 | [main] internal.DdlTransactionIsolatorNonJtaImpl (DdlTransactionIsolatorNonJtaImpl.java:47) - HHH10001501: Connection obtained from JdbcConnectionAccess [org.hibernate.engine.jdbc.env.internal.JdbcEnvironmentInitiator$ConnectionProviderJdbcConnectionAccess@32cb636e] for (non-JTA) DDL execution was not in auto-commit mode; the Connection 'local transaction' will be committed and the Connection will be set into auto-commit mode.
WARN  | 2021-09-06 21:35:44 | [main] internal.ExceptionHandlerLoggedImpl (ExceptionHandlerLoggedImpl.java:27) - GenerationTarget encountered exception accepting command : Error executing DDL via JDBC Statement
org.hibernate.tool.schema.spi.CommandAcceptanceException: Error executing DDL via JDBC Statement
	at org.hibernate.tool.schema.internal.exec.GenerationTargetToDatabase.accept(GenerationTargetToDatabase.java:67) ~[hibernate-core-5.2.9.Final.jar:5.2.9.Final]
	at org.hibernate.tool.schema.internal.SchemaDropperImpl.applySqlString(SchemaDropperImpl.java:375) [hibernate-core-5.2.9.Final.jar:5.2.9.Final]
	at org.hibernate.tool.schema.internal.SchemaDropperImpl.applySqlStrings(SchemaDropperImpl.java:359) [hibernate-core-5.2.9.Final.jar:5.2.9.Final]
	at org.hibernate.tool.schema.internal.SchemaDropperImpl.applyConstraintDropping(SchemaDropperImpl.java:331) [hibernate-core-5.2.9.Final.jar:5.2.9.Final]
	at org.hibernate.tool.schema.internal.SchemaDropperImpl.dropFromMetadata(SchemaDropperImpl.java:230) [hibernate-core-5.2.9.Final.jar:5.2.9.Final]
	at org.hibernate.tool.schema.internal.SchemaDropperImpl.performDrop(SchemaDropperImpl.java:154) [hibernate-core-5.2.9.Final.jar:5.2.9.Final]
	at org.hibernate.tool.schema.internal.SchemaDropperImpl.doDrop(SchemaDropperImpl.java:126) [hibernate-core-5.2.9.Final.jar:5.2.9.Final]
	at org.hibernate.tool.schema.internal.SchemaDropperImpl.doDrop(SchemaDropperImpl.java:112) [hibernate-core-5.2.9.Final.jar:5.2.9.Final]
	at org.hibernate.tool.schema.spi.SchemaManagementToolCoordinator.performDatabaseAction(SchemaManagementToolCoordinator.java:144) [hibernate-core-5.2.9.Final.jar:5.2.9.Final]
	at org.hibernate.tool.schema.spi.SchemaManagementToolCoordinator.process(SchemaManagementToolCoordinator.java:72) [hibernate-core-5.2.9.Final.jar:5.2.9.Final]
	at org.hibernate.internal.SessionFactoryImpl.<init>(SessionFactoryImpl.java:309) [hibernate-core-5.2.9.Final.jar:5.2.9.Final]
	at org.hibernate.boot.internal.SessionFactoryBuilderImpl.build(SessionFactoryBuilderImpl.java:445) [hibernate-core-5.2.9.Final.jar:5.2.9.Final]
	at org.hibernate.boot.internal.MetadataImpl.buildSessionFactory(MetadataImpl.java:170) [hibernate-core-5.2.9.Final.jar:5.2.9.Final]
	at com.animalapp.factory.HibernateSessionFactory.getSessionFactory(HibernateSessionFactory.java:18) [classes/:?]
	at com.animalapp.one2one.TestOne2One.main(TestOne2One.java:12) [classes/:?]
Caused by: com.mysql.jdbc.exceptions.jdbc4.MySQLSyntaxErrorException: Table 'hibernate_assignment.cage_table' doesn't exist
	at sun.reflect.NativeConstructorAccessorImpl.newInstance0(Native Method) ~[?:1.8.0_261]
	at sun.reflect.NativeConstructorAccessorImpl.newInstance(Unknown Source) ~[?:1.8.0_261]
	at sun.reflect.DelegatingConstructorAccessorImpl.newInstance(Unknown Source) ~[?:1.8.0_261]
	at java.lang.reflect.Constructor.newInstance(Unknown Source) ~[?:1.8.0_261]
	at com.mysql.jdbc.Util.handleNewInstance(Util.java:403) ~[mysql-connector-java-5.1.49.jar:5.1.49]
	at com.mysql.jdbc.Util.getInstance(Util.java:386) ~[mysql-connector-java-5.1.49.jar:5.1.49]
	at com.mysql.jdbc.SQLError.createSQLException(SQLError.java:944) ~[mysql-connector-java-5.1.49.jar:5.1.49]
	at com.mysql.jdbc.MysqlIO.checkErrorPacket(MysqlIO.java:3933) ~[mysql-connector-java-5.1.49.jar:5.1.49]
	at com.mysql.jdbc.MysqlIO.checkErrorPacket(MysqlIO.java:3869) ~[mysql-connector-java-5.1.49.jar:5.1.49]
	at com.mysql.jdbc.MysqlIO.sendCommand(MysqlIO.java:2524) ~[mysql-connector-java-5.1.49.jar:5.1.49]
	at com.mysql.jdbc.MysqlIO.sqlQueryDirect(MysqlIO.java:2675) ~[mysql-connector-java-5.1.49.jar:5.1.49]
	at com.mysql.jdbc.ConnectionImpl.execSQL(ConnectionImpl.java:2465) ~[mysql-connector-java-5.1.49.jar:5.1.49]
	at com.mysql.jdbc.ConnectionImpl.execSQL(ConnectionImpl.java:2439) ~[mysql-connector-java-5.1.49.jar:5.1.49]
	at com.mysql.jdbc.StatementImpl.executeInternal(StatementImpl.java:829) ~[mysql-connector-java-5.1.49.jar:5.1.49]
	at com.mysql.jdbc.StatementImpl.execute(StatementImpl.java:729) ~[mysql-connector-java-5.1.49.jar:5.1.49]
	at org.hibernate.tool.schema.internal.exec.GenerationTargetToDatabase.accept(GenerationTargetToDatabase.java:54) ~[hibernate-core-5.2.9.Final.jar:5.2.9.Final]
	... 14 more
INFO  | 2021-09-06 21:35:44 | [main] internal.DdlTransactionIsolatorNonJtaImpl (DdlTransactionIsolatorNonJtaImpl.java:47) - HHH10001501: Connection obtained from JdbcConnectionAccess [org.hibernate.engine.jdbc.env.internal.JdbcEnvironmentInitiator$ConnectionProviderJdbcConnectionAccess@72f46e16] for (non-JTA) DDL execution was not in auto-commit mode; the Connection 'local transaction' will be committed and the Connection will be set into auto-commit mode.
INFO  | 2021-09-06 21:35:45 | [main] internal.SchemaCreatorImpl (SchemaCreatorImpl.java:489) - HHH000476: Executing import script 'org.hibernate.tool.schema.internal.exec.ScriptSourceInputNonExistentImpl@37ebc9d8'
ERROR | 2021-09-06 21:35:45 | [main] internal.ExceptionMapperStandardImpl (ExceptionMapperStandardImpl.java:39) - HHH000346: Error during managed flush [org.hibernate.TransientObjectException: object references an unsaved transient instance - save the transient instance beforeQuery flushing: com.animalapp.one2one.Animal]
INFO  | 2021-09-06 21:36:47 | [main] hibernate.Version (Version.java:45) - HHH000412: Hibernate Core {5.2.9.Final}
INFO  | 2021-09-06 21:36:47 | [main] cfg.Environment (Environment.java:213) - HHH000206: hibernate.properties not found
WARN  | 2021-09-06 21:36:47 | [main] stax.LocalXmlResourceResolver (LocalXmlResourceResolver.java:91) - HHH90000012: Recognized obsolete hibernate namespace http://hibernate.sourceforge.net/hibernate-configuration. Use namespace http://www.hibernate.org/dtd/hibernate-configuration instead.  Support for obsolete DTD/XSD namespaces may be removed at any time.
INFO  | 2021-09-06 21:36:47 | [main] java.JavaReflectionManager (JavaReflectionManager.java:66) - HCANN000001: Hibernate Commons Annotations {5.0.1.Final}
WARN  | 2021-09-06 21:36:47 | [main] internal.DriverManagerConnectionProviderImpl (DriverManagerConnectionProviderImpl.java:70) - HHH10001002: Using Hibernate built-in connection pool (not for production use!)
INFO  | 2021-09-06 21:36:47 | [main] internal.DriverManagerConnectionProviderImpl (DriverManagerConnectionProviderImpl.java:126) - HHH10001005: using driver [com.mysql.jdbc.Driver] at URL [jdbc:mysql://localhost:3306/hibernate_assignment]
INFO  | 2021-09-06 21:36:47 | [main] internal.DriverManagerConnectionProviderImpl (DriverManagerConnectionProviderImpl.java:135) - HHH10001001: Connection properties: {user=root, password=****}
INFO  | 2021-09-06 21:36:47 | [main] internal.DriverManagerConnectionProviderImpl (DriverManagerConnectionProviderImpl.java:140) - HHH10001003: Autocommit mode: false
INFO  | 2021-09-06 21:36:47 | [main] internal.PooledConnections (PooledConnections.java:41) - HHH000115: Hibernate connection pool size: 10 (min=1)
INFO  | 2021-09-06 21:36:47 | [main] dialect.Dialect (Dialect.java:157) - HHH000400: Using dialect: org.hibernate.dialect.MySQL57Dialect
INFO  | 2021-09-06 21:36:48 | [main] internal.DdlTransactionIsolatorNonJtaImpl (DdlTransactionIsolatorNonJtaImpl.java:47) - HHH10001501: Connection obtained from JdbcConnectionAccess [org.hibernate.engine.jdbc.env.internal.JdbcEnvironmentInitiator$ConnectionProviderJdbcConnectionAccess@5ab14cb9] for (non-JTA) DDL execution was not in auto-commit mode; the Connection 'local transaction' will be committed and the Connection will be set into auto-commit mode.
WARN  | 2021-09-06 21:36:48 | [main] internal.ExceptionHandlerLoggedImpl (ExceptionHandlerLoggedImpl.java:27) - GenerationTarget encountered exception accepting command : Error executing DDL via JDBC Statement
org.hibernate.tool.schema.spi.CommandAcceptanceException: Error executing DDL via JDBC Statement
	at org.hibernate.tool.schema.internal.exec.GenerationTargetToDatabase.accept(GenerationTargetToDatabase.java:67) ~[hibernate-core-5.2.9.Final.jar:5.2.9.Final]
	at org.hibernate.tool.schema.internal.SchemaDropperImpl.applySqlString(SchemaDropperImpl.java:375) [hibernate-core-5.2.9.Final.jar:5.2.9.Final]
	at org.hibernate.tool.schema.internal.SchemaDropperImpl.applySqlStrings(SchemaDropperImpl.java:359) [hibernate-core-5.2.9.Final.jar:5.2.9.Final]
	at org.hibernate.tool.schema.internal.SchemaDropperImpl.applyConstraintDropping(SchemaDropperImpl.java:331) [hibernate-core-5.2.9.Final.jar:5.2.9.Final]
	at org.hibernate.tool.schema.internal.SchemaDropperImpl.dropFromMetadata(SchemaDropperImpl.java:230) [hibernate-core-5.2.9.Final.jar:5.2.9.Final]
	at org.hibernate.tool.schema.internal.SchemaDropperImpl.performDrop(SchemaDropperImpl.java:154) [hibernate-core-5.2.9.Final.jar:5.2.9.Final]
	at org.hibernate.tool.schema.internal.SchemaDropperImpl.doDrop(SchemaDropperImpl.java:126) [hibernate-core-5.2.9.Final.jar:5.2.9.Final]
	at org.hibernate.tool.schema.internal.SchemaDropperImpl.doDrop(SchemaDropperImpl.java:112) [hibernate-core-5.2.9.Final.jar:5.2.9.Final]
	at org.hibernate.tool.schema.spi.SchemaManagementToolCoordinator.performDatabaseAction(SchemaManagementToolCoordinator.java:144) [hibernate-core-5.2.9.Final.jar:5.2.9.Final]
	at org.hibernate.tool.schema.spi.SchemaManagementToolCoordinator.process(SchemaManagementToolCoordinator.java:72) [hibernate-core-5.2.9.Final.jar:5.2.9.Final]
	at org.hibernate.internal.SessionFactoryImpl.<init>(SessionFactoryImpl.java:309) [hibernate-core-5.2.9.Final.jar:5.2.9.Final]
	at org.hibernate.boot.internal.SessionFactoryBuilderImpl.build(SessionFactoryBuilderImpl.java:445) [hibernate-core-5.2.9.Final.jar:5.2.9.Final]
	at org.hibernate.boot.internal.MetadataImpl.buildSessionFactory(MetadataImpl.java:170) [hibernate-core-5.2.9.Final.jar:5.2.9.Final]
	at com.animalapp.factory.HibernateSessionFactory.getSessionFactory(HibernateSessionFactory.java:18) [classes/:?]
	at com.animalapp.one2one.TestOne2One.main(TestOne2One.java:12) [classes/:?]
Caused by: java.sql.SQLException: Error on rename of '.\hibernate_assignment\cage_table' to '.\hibernate_assignment\#sql2-11c8-5' (errno: 152)
	at com.mysql.jdbc.SQLError.createSQLException(SQLError.java:965) ~[mysql-connector-java-5.1.49.jar:5.1.49]
	at com.mysql.jdbc.MysqlIO.checkErrorPacket(MysqlIO.java:3933) ~[mysql-connector-java-5.1.49.jar:5.1.49]
	at com.mysql.jdbc.MysqlIO.checkErrorPacket(MysqlIO.java:3869) ~[mysql-connector-java-5.1.49.jar:5.1.49]
	at com.mysql.jdbc.MysqlIO.sendCommand(MysqlIO.java:2524) ~[mysql-connector-java-5.1.49.jar:5.1.49]
	at com.mysql.jdbc.MysqlIO.sqlQueryDirect(MysqlIO.java:2675) ~[mysql-connector-java-5.1.49.jar:5.1.49]
	at com.mysql.jdbc.ConnectionImpl.execSQL(ConnectionImpl.java:2465) ~[mysql-connector-java-5.1.49.jar:5.1.49]
	at com.mysql.jdbc.ConnectionImpl.execSQL(ConnectionImpl.java:2439) ~[mysql-connector-java-5.1.49.jar:5.1.49]
	at com.mysql.jdbc.StatementImpl.executeInternal(StatementImpl.java:829) ~[mysql-connector-java-5.1.49.jar:5.1.49]
	at com.mysql.jdbc.StatementImpl.execute(StatementImpl.java:729) ~[mysql-connector-java-5.1.49.jar:5.1.49]
	at org.hibernate.tool.schema.internal.exec.GenerationTargetToDatabase.accept(GenerationTargetToDatabase.java:54) ~[hibernate-core-5.2.9.Final.jar:5.2.9.Final]
	... 14 more
INFO  | 2021-09-06 21:36:49 | [main] internal.DdlTransactionIsolatorNonJtaImpl (DdlTransactionIsolatorNonJtaImpl.java:47) - HHH10001501: Connection obtained from JdbcConnectionAccess [org.hibernate.engine.jdbc.env.internal.JdbcEnvironmentInitiator$ConnectionProviderJdbcConnectionAccess@664a9613] for (non-JTA) DDL execution was not in auto-commit mode; the Connection 'local transaction' will be committed and the Connection will be set into auto-commit mode.
INFO  | 2021-09-06 21:36:49 | [main] internal.SchemaCreatorImpl (SchemaCreatorImpl.java:489) - HHH000476: Executing import script 'org.hibernate.tool.schema.internal.exec.ScriptSourceInputNonExistentImpl@4985cbcb'
ERROR | 2021-09-06 21:36:49 | [main] internal.ExceptionMapperStandardImpl (ExceptionMapperStandardImpl.java:39) - HHH000346: Error during managed flush [org.hibernate.TransientObjectException: object references an unsaved transient instance - save the transient instance beforeQuery flushing: com.animalapp.one2one.Animal]
INFO  | 2021-09-06 21:37:44 | [main] hibernate.Version (Version.java:45) - HHH000412: Hibernate Core {5.2.9.Final}
INFO  | 2021-09-06 21:37:44 | [main] cfg.Environment (Environment.java:213) - HHH000206: hibernate.properties not found
WARN  | 2021-09-06 21:37:44 | [main] stax.LocalXmlResourceResolver (LocalXmlResourceResolver.java:91) - HHH90000012: Recognized obsolete hibernate namespace http://hibernate.sourceforge.net/hibernate-configuration. Use namespace http://www.hibernate.org/dtd/hibernate-configuration instead.  Support for obsolete DTD/XSD namespaces may be removed at any time.
INFO  | 2021-09-06 21:37:44 | [main] java.JavaReflectionManager (JavaReflectionManager.java:66) - HCANN000001: Hibernate Commons Annotations {5.0.1.Final}
WARN  | 2021-09-06 21:37:44 | [main] internal.DriverManagerConnectionProviderImpl (DriverManagerConnectionProviderImpl.java:70) - HHH10001002: Using Hibernate built-in connection pool (not for production use!)
INFO  | 2021-09-06 21:37:44 | [main] internal.DriverManagerConnectionProviderImpl (DriverManagerConnectionProviderImpl.java:126) - HHH10001005: using driver [com.mysql.jdbc.Driver] at URL [jdbc:mysql://localhost:3306/hibernate_assignment]
INFO  | 2021-09-06 21:37:44 | [main] internal.DriverManagerConnectionProviderImpl (DriverManagerConnectionProviderImpl.java:135) - HHH10001001: Connection properties: {user=root, password=****}
INFO  | 2021-09-06 21:37:44 | [main] internal.DriverManagerConnectionProviderImpl (DriverManagerConnectionProviderImpl.java:140) - HHH10001003: Autocommit mode: false
INFO  | 2021-09-06 21:37:44 | [main] internal.PooledConnections (PooledConnections.java:41) - HHH000115: Hibernate connection pool size: 10 (min=1)
INFO  | 2021-09-06 21:37:44 | [main] dialect.Dialect (Dialect.java:157) - HHH000400: Using dialect: org.hibernate.dialect.MySQL57Dialect
INFO  | 2021-09-06 21:37:45 | [main] internal.DdlTransactionIsolatorNonJtaImpl (DdlTransactionIsolatorNonJtaImpl.java:47) - HHH10001501: Connection obtained from JdbcConnectionAccess [org.hibernate.engine.jdbc.env.internal.JdbcEnvironmentInitiator$ConnectionProviderJdbcConnectionAccess@5ab14cb9] for (non-JTA) DDL execution was not in auto-commit mode; the Connection 'local transaction' will be committed and the Connection will be set into auto-commit mode.
INFO  | 2021-09-06 21:37:46 | [main] internal.DdlTransactionIsolatorNonJtaImpl (DdlTransactionIsolatorNonJtaImpl.java:47) - HHH10001501: Connection obtained from JdbcConnectionAccess [org.hibernate.engine.jdbc.env.internal.JdbcEnvironmentInitiator$ConnectionProviderJdbcConnectionAccess@2f7a7219] for (non-JTA) DDL execution was not in auto-commit mode; the Connection 'local transaction' will be committed and the Connection will be set into auto-commit mode.
INFO  | 2021-09-06 21:37:46 | [main] internal.SchemaCreatorImpl (SchemaCreatorImpl.java:489) - HHH000476: Executing import script 'org.hibernate.tool.schema.internal.exec.ScriptSourceInputNonExistentImpl@314b8f2d'
INFO  | 2021-09-06 21:37:46 | [main] internal.DriverManagerConnectionProviderImpl (DriverManagerConnectionProviderImpl.java:230) - HHH10001008: Cleaning up connection pool [jdbc:mysql://localhost:3306/hibernate_assignment]
INFO  | 2021-09-06 21:38:58 | [main] hibernate.Version (Version.java:45) - HHH000412: Hibernate Core {5.2.9.Final}
INFO  | 2021-09-06 21:38:58 | [main] cfg.Environment (Environment.java:213) - HHH000206: hibernate.properties not found
WARN  | 2021-09-06 21:38:58 | [main] stax.LocalXmlResourceResolver (LocalXmlResourceResolver.java:91) - HHH90000012: Recognized obsolete hibernate namespace http://hibernate.sourceforge.net/hibernate-configuration. Use namespace http://www.hibernate.org/dtd/hibernate-configuration instead.  Support for obsolete DTD/XSD namespaces may be removed at any time.
INFO  | 2021-09-06 21:38:59 | [main] java.JavaReflectionManager (JavaReflectionManager.java:66) - HCANN000001: Hibernate Commons Annotations {5.0.1.Final}
WARN  | 2021-09-06 21:38:59 | [main] internal.DriverManagerConnectionProviderImpl (DriverManagerConnectionProviderImpl.java:70) - HHH10001002: Using Hibernate built-in connection pool (not for production use!)
INFO  | 2021-09-06 21:38:59 | [main] internal.DriverManagerConnectionProviderImpl (DriverManagerConnectionProviderImpl.java:126) - HHH10001005: using driver [com.mysql.jdbc.Driver] at URL [jdbc:mysql://localhost:3306/hibernate_assignment]
INFO  | 2021-09-06 21:38:59 | [main] internal.DriverManagerConnectionProviderImpl (DriverManagerConnectionProviderImpl.java:135) - HHH10001001: Connection properties: {user=root, password=****}
INFO  | 2021-09-06 21:38:59 | [main] internal.DriverManagerConnectionProviderImpl (DriverManagerConnectionProviderImpl.java:140) - HHH10001003: Autocommit mode: false
INFO  | 2021-09-06 21:38:59 | [main] internal.PooledConnections (PooledConnections.java:41) - HHH000115: Hibernate connection pool size: 10 (min=1)
INFO  | 2021-09-06 21:38:59 | [main] dialect.Dialect (Dialect.java:157) - HHH000400: Using dialect: org.hibernate.dialect.MySQL57Dialect
INFO  | 2021-09-06 21:39:00 | [main] internal.DdlTransactionIsolatorNonJtaImpl (DdlTransactionIsolatorNonJtaImpl.java:47) - HHH10001501: Connection obtained from JdbcConnectionAccess [org.hibernate.engine.jdbc.env.internal.JdbcEnvironmentInitiator$ConnectionProviderJdbcConnectionAccess@5ab14cb9] for (non-JTA) DDL execution was not in auto-commit mode; the Connection 'local transaction' will be committed and the Connection will be set into auto-commit mode.
INFO  | 2021-09-06 21:39:00 | [main] internal.DdlTransactionIsolatorNonJtaImpl (DdlTransactionIsolatorNonJtaImpl.java:47) - HHH10001501: Connection obtained from JdbcConnectionAccess [org.hibernate.engine.jdbc.env.internal.JdbcEnvironmentInitiator$ConnectionProviderJdbcConnectionAccess@2f7a7219] for (non-JTA) DDL execution was not in auto-commit mode; the Connection 'local transaction' will be committed and the Connection will be set into auto-commit mode.
INFO  | 2021-09-06 21:39:01 | [main] internal.SchemaCreatorImpl (SchemaCreatorImpl.java:489) - HHH000476: Executing import script 'org.hibernate.tool.schema.internal.exec.ScriptSourceInputNonExistentImpl@314b8f2d'
ERROR | 2021-09-06 21:39:01 | [main] internal.ExceptionMapperStandardImpl (ExceptionMapperStandardImpl.java:39) - HHH000346: Error during managed flush [org.hibernate.TransientObjectException: object references an unsaved transient instance - save the transient instance beforeQuery flushing: com.animalapp.one2one.Animal]
INFO  | 2021-09-06 21:39:47 | [main] hibernate.Version (Version.java:45) - HHH000412: Hibernate Core {5.2.9.Final}
INFO  | 2021-09-06 21:39:47 | [main] cfg.Environment (Environment.java:213) - HHH000206: hibernate.properties not found
WARN  | 2021-09-06 21:39:47 | [main] stax.LocalXmlResourceResolver (LocalXmlResourceResolver.java:91) - HHH90000012: Recognized obsolete hibernate namespace http://hibernate.sourceforge.net/hibernate-configuration. Use namespace http://www.hibernate.org/dtd/hibernate-configuration instead.  Support for obsolete DTD/XSD namespaces may be removed at any time.
INFO  | 2021-09-06 21:39:47 | [main] java.JavaReflectionManager (JavaReflectionManager.java:66) - HCANN000001: Hibernate Commons Annotations {5.0.1.Final}
WARN  | 2021-09-06 21:39:47 | [main] internal.DriverManagerConnectionProviderImpl (DriverManagerConnectionProviderImpl.java:70) - HHH10001002: Using Hibernate built-in connection pool (not for production use!)
INFO  | 2021-09-06 21:39:47 | [main] internal.DriverManagerConnectionProviderImpl (DriverManagerConnectionProviderImpl.java:126) - HHH10001005: using driver [com.mysql.jdbc.Driver] at URL [jdbc:mysql://localhost:3306/hibernate_assignment]
INFO  | 2021-09-06 21:39:47 | [main] internal.DriverManagerConnectionProviderImpl (DriverManagerConnectionProviderImpl.java:135) - HHH10001001: Connection properties: {user=root, password=****}
INFO  | 2021-09-06 21:39:47 | [main] internal.DriverManagerConnectionProviderImpl (DriverManagerConnectionProviderImpl.java:140) - HHH10001003: Autocommit mode: false
INFO  | 2021-09-06 21:39:47 | [main] internal.PooledConnections (PooledConnections.java:41) - HHH000115: Hibernate connection pool size: 10 (min=1)
INFO  | 2021-09-06 21:39:47 | [main] dialect.Dialect (Dialect.java:157) - HHH000400: Using dialect: org.hibernate.dialect.MySQL57Dialect
INFO  | 2021-09-06 21:39:48 | [main] internal.DdlTransactionIsolatorNonJtaImpl (DdlTransactionIsolatorNonJtaImpl.java:47) - HHH10001501: Connection obtained from JdbcConnectionAccess [org.hibernate.engine.jdbc.env.internal.JdbcEnvironmentInitiator$ConnectionProviderJdbcConnectionAccess@5ab14cb9] for (non-JTA) DDL execution was not in auto-commit mode; the Connection 'local transaction' will be committed and the Connection will be set into auto-commit mode.
INFO  | 2021-09-06 21:39:48 | [main] internal.DdlTransactionIsolatorNonJtaImpl (DdlTransactionIsolatorNonJtaImpl.java:47) - HHH10001501: Connection obtained from JdbcConnectionAccess [org.hibernate.engine.jdbc.env.internal.JdbcEnvironmentInitiator$ConnectionProviderJdbcConnectionAccess@2f7a7219] for (non-JTA) DDL execution was not in auto-commit mode; the Connection 'local transaction' will be committed and the Connection will be set into auto-commit mode.
INFO  | 2021-09-06 21:39:49 | [main] internal.SchemaCreatorImpl (SchemaCreatorImpl.java:489) - HHH000476: Executing import script 'org.hibernate.tool.schema.internal.exec.ScriptSourceInputNonExistentImpl@314b8f2d'
INFO  | 2021-09-06 21:39:49 | [main] internal.DriverManagerConnectionProviderImpl (DriverManagerConnectionProviderImpl.java:230) - HHH10001008: Cleaning up connection pool [jdbc:mysql://localhost:3306/hibernate_assignment]
INFO  | 2021-09-06 21:58:52 | [main] hibernate.Version (Version.java:45) - HHH000412: Hibernate Core {5.2.9.Final}
INFO  | 2021-09-06 21:58:52 | [main] cfg.Environment (Environment.java:213) - HHH000206: hibernate.properties not found
WARN  | 2021-09-06 21:58:52 | [main] stax.LocalXmlResourceResolver (LocalXmlResourceResolver.java:91) - HHH90000012: Recognized obsolete hibernate namespace http://hibernate.sourceforge.net/hibernate-configuration. Use namespace http://www.hibernate.org/dtd/hibernate-configuration instead.  Support for obsolete DTD/XSD namespaces may be removed at any time.
INFO  | 2021-09-06 21:58:52 | [main] java.JavaReflectionManager (JavaReflectionManager.java:66) - HCANN000001: Hibernate Commons Annotations {5.0.1.Final}
WARN  | 2021-09-06 21:58:52 | [main] internal.DriverManagerConnectionProviderImpl (DriverManagerConnectionProviderImpl.java:70) - HHH10001002: Using Hibernate built-in connection pool (not for production use!)
INFO  | 2021-09-06 21:58:52 | [main] internal.DriverManagerConnectionProviderImpl (DriverManagerConnectionProviderImpl.java:126) - HHH10001005: using driver [com.mysql.jdbc.Driver] at URL [jdbc:mysql://localhost:3306/hibernate_assignment]
INFO  | 2021-09-06 21:58:52 | [main] internal.DriverManagerConnectionProviderImpl (DriverManagerConnectionProviderImpl.java:135) - HHH10001001: Connection properties: {user=root, password=****}
INFO  | 2021-09-06 21:58:52 | [main] internal.DriverManagerConnectionProviderImpl (DriverManagerConnectionProviderImpl.java:140) - HHH10001003: Autocommit mode: false
INFO  | 2021-09-06 21:58:52 | [main] internal.PooledConnections (PooledConnections.java:41) - HHH000115: Hibernate connection pool size: 10 (min=1)
INFO  | 2021-09-06 21:58:52 | [main] dialect.Dialect (Dialect.java:157) - HHH000400: Using dialect: org.hibernate.dialect.MySQL57Dialect
INFO  | 2021-09-06 21:59:04 | [main] hibernate.Version (Version.java:45) - HHH000412: Hibernate Core {5.2.9.Final}
INFO  | 2021-09-06 21:59:04 | [main] cfg.Environment (Environment.java:213) - HHH000206: hibernate.properties not found
WARN  | 2021-09-06 21:59:04 | [main] stax.LocalXmlResourceResolver (LocalXmlResourceResolver.java:91) - HHH90000012: Recognized obsolete hibernate namespace http://hibernate.sourceforge.net/hibernate-configuration. Use namespace http://www.hibernate.org/dtd/hibernate-configuration instead.  Support for obsolete DTD/XSD namespaces may be removed at any time.
INFO  | 2021-09-06 21:59:04 | [main] java.JavaReflectionManager (JavaReflectionManager.java:66) - HCANN000001: Hibernate Commons Annotations {5.0.1.Final}
WARN  | 2021-09-06 21:59:04 | [main] internal.DriverManagerConnectionProviderImpl (DriverManagerConnectionProviderImpl.java:70) - HHH10001002: Using Hibernate built-in connection pool (not for production use!)
INFO  | 2021-09-06 21:59:04 | [main] internal.DriverManagerConnectionProviderImpl (DriverManagerConnectionProviderImpl.java:126) - HHH10001005: using driver [com.mysql.jdbc.Driver] at URL [jdbc:mysql://localhost:3306/hibernate_assignment]
INFO  | 2021-09-06 21:59:04 | [main] internal.DriverManagerConnectionProviderImpl (DriverManagerConnectionProviderImpl.java:135) - HHH10001001: Connection properties: {user=root, password=****}
INFO  | 2021-09-06 21:59:04 | [main] internal.DriverManagerConnectionProviderImpl (DriverManagerConnectionProviderImpl.java:140) - HHH10001003: Autocommit mode: false
INFO  | 2021-09-06 21:59:04 | [main] internal.PooledConnections (PooledConnections.java:41) - HHH000115: Hibernate connection pool size: 10 (min=1)
INFO  | 2021-09-06 21:59:05 | [main] dialect.Dialect (Dialect.java:157) - HHH000400: Using dialect: org.hibernate.dialect.MySQL57Dialect
INFO  | 2021-09-06 21:59:40 | [main] hibernate.Version (Version.java:45) - HHH000412: Hibernate Core {5.2.9.Final}
INFO  | 2021-09-06 21:59:40 | [main] cfg.Environment (Environment.java:213) - HHH000206: hibernate.properties not found
WARN  | 2021-09-06 21:59:40 | [main] stax.LocalXmlResourceResolver (LocalXmlResourceResolver.java:91) - HHH90000012: Recognized obsolete hibernate namespace http://hibernate.sourceforge.net/hibernate-configuration. Use namespace http://www.hibernate.org/dtd/hibernate-configuration instead.  Support for obsolete DTD/XSD namespaces may be removed at any time.
INFO  | 2021-09-06 21:59:40 | [main] java.JavaReflectionManager (JavaReflectionManager.java:66) - HCANN000001: Hibernate Commons Annotations {5.0.1.Final}
WARN  | 2021-09-06 21:59:40 | [main] internal.DriverManagerConnectionProviderImpl (DriverManagerConnectionProviderImpl.java:70) - HHH10001002: Using Hibernate built-in connection pool (not for production use!)
INFO  | 2021-09-06 21:59:40 | [main] internal.DriverManagerConnectionProviderImpl (DriverManagerConnectionProviderImpl.java:126) - HHH10001005: using driver [com.mysql.jdbc.Driver] at URL [jdbc:mysql://localhost:3306/hibernate_assignment]
INFO  | 2021-09-06 21:59:40 | [main] internal.DriverManagerConnectionProviderImpl (DriverManagerConnectionProviderImpl.java:135) - HHH10001001: Connection properties: {user=root, password=****}
INFO  | 2021-09-06 21:59:40 | [main] internal.DriverManagerConnectionProviderImpl (DriverManagerConnectionProviderImpl.java:140) - HHH10001003: Autocommit mode: false
INFO  | 2021-09-06 21:59:40 | [main] internal.PooledConnections (PooledConnections.java:41) - HHH000115: Hibernate connection pool size: 10 (min=1)
INFO  | 2021-09-06 21:59:41 | [main] dialect.Dialect (Dialect.java:157) - HHH000400: Using dialect: org.hibernate.dialect.MySQL57Dialect
INFO  | 2021-09-06 21:59:41 | [main] internal.DdlTransactionIsolatorNonJtaImpl (DdlTransactionIsolatorNonJtaImpl.java:47) - HHH10001501: Connection obtained from JdbcConnectionAccess [org.hibernate.engine.jdbc.env.internal.JdbcEnvironmentInitiator$ConnectionProviderJdbcConnectionAccess@46c670a6] for (non-JTA) DDL execution was not in auto-commit mode; the Connection 'local transaction' will be committed and the Connection will be set into auto-commit mode.
WARN  | 2021-09-06 21:59:42 | [main] internal.ExceptionHandlerLoggedImpl (ExceptionHandlerLoggedImpl.java:27) - GenerationTarget encountered exception accepting command : Error executing DDL via JDBC Statement
org.hibernate.tool.schema.spi.CommandAcceptanceException: Error executing DDL via JDBC Statement
	at org.hibernate.tool.schema.internal.exec.GenerationTargetToDatabase.accept(GenerationTargetToDatabase.java:67) ~[hibernate-core-5.2.9.Final.jar:5.2.9.Final]
	at org.hibernate.tool.schema.internal.SchemaDropperImpl.applySqlString(SchemaDropperImpl.java:375) [hibernate-core-5.2.9.Final.jar:5.2.9.Final]
	at org.hibernate.tool.schema.internal.SchemaDropperImpl.applySqlStrings(SchemaDropperImpl.java:359) [hibernate-core-5.2.9.Final.jar:5.2.9.Final]
	at org.hibernate.tool.schema.internal.SchemaDropperImpl.applyConstraintDropping(SchemaDropperImpl.java:331) [hibernate-core-5.2.9.Final.jar:5.2.9.Final]
	at org.hibernate.tool.schema.internal.SchemaDropperImpl.dropFromMetadata(SchemaDropperImpl.java:230) [hibernate-core-5.2.9.Final.jar:5.2.9.Final]
	at org.hibernate.tool.schema.internal.SchemaDropperImpl.performDrop(SchemaDropperImpl.java:154) [hibernate-core-5.2.9.Final.jar:5.2.9.Final]
	at org.hibernate.tool.schema.internal.SchemaDropperImpl.doDrop(SchemaDropperImpl.java:126) [hibernate-core-5.2.9.Final.jar:5.2.9.Final]
	at org.hibernate.tool.schema.internal.SchemaDropperImpl.doDrop(SchemaDropperImpl.java:112) [hibernate-core-5.2.9.Final.jar:5.2.9.Final]
	at org.hibernate.tool.schema.spi.SchemaManagementToolCoordinator.performDatabaseAction(SchemaManagementToolCoordinator.java:144) [hibernate-core-5.2.9.Final.jar:5.2.9.Final]
	at org.hibernate.tool.schema.spi.SchemaManagementToolCoordinator.process(SchemaManagementToolCoordinator.java:72) [hibernate-core-5.2.9.Final.jar:5.2.9.Final]
	at org.hibernate.internal.SessionFactoryImpl.<init>(SessionFactoryImpl.java:309) [hibernate-core-5.2.9.Final.jar:5.2.9.Final]
	at org.hibernate.boot.internal.SessionFactoryBuilderImpl.build(SessionFactoryBuilderImpl.java:445) [hibernate-core-5.2.9.Final.jar:5.2.9.Final]
	at org.hibernate.boot.internal.MetadataImpl.buildSessionFactory(MetadataImpl.java:170) [hibernate-core-5.2.9.Final.jar:5.2.9.Final]
	at com.animalapp.factory.HibernateSessionFactory.getSessionFactory(HibernateSessionFactory.java:18) [classes/:?]
	at com.animalapp.one2many.DemoAnimalCategoryMapping.main(DemoAnimalCategoryMapping.java:12) [classes/:?]
Caused by: com.mysql.jdbc.exceptions.jdbc4.MySQLSyntaxErrorException: Table 'hibernate_assignment.animal_table2' doesn't exist
	at sun.reflect.NativeConstructorAccessorImpl.newInstance0(Native Method) ~[?:1.8.0_261]
	at sun.reflect.NativeConstructorAccessorImpl.newInstance(Unknown Source) ~[?:1.8.0_261]
	at sun.reflect.DelegatingConstructorAccessorImpl.newInstance(Unknown Source) ~[?:1.8.0_261]
	at java.lang.reflect.Constructor.newInstance(Unknown Source) ~[?:1.8.0_261]
	at com.mysql.jdbc.Util.handleNewInstance(Util.java:403) ~[mysql-connector-java-5.1.49.jar:5.1.49]
	at com.mysql.jdbc.Util.getInstance(Util.java:386) ~[mysql-connector-java-5.1.49.jar:5.1.49]
	at com.mysql.jdbc.SQLError.createSQLException(SQLError.java:944) ~[mysql-connector-java-5.1.49.jar:5.1.49]
	at com.mysql.jdbc.MysqlIO.checkErrorPacket(MysqlIO.java:3933) ~[mysql-connector-java-5.1.49.jar:5.1.49]
	at com.mysql.jdbc.MysqlIO.checkErrorPacket(MysqlIO.java:3869) ~[mysql-connector-java-5.1.49.jar:5.1.49]
	at com.mysql.jdbc.MysqlIO.sendCommand(MysqlIO.java:2524) ~[mysql-connector-java-5.1.49.jar:5.1.49]
	at com.mysql.jdbc.MysqlIO.sqlQueryDirect(MysqlIO.java:2675) ~[mysql-connector-java-5.1.49.jar:5.1.49]
	at com.mysql.jdbc.ConnectionImpl.execSQL(ConnectionImpl.java:2465) ~[mysql-connector-java-5.1.49.jar:5.1.49]
	at com.mysql.jdbc.ConnectionImpl.execSQL(ConnectionImpl.java:2439) ~[mysql-connector-java-5.1.49.jar:5.1.49]
	at com.mysql.jdbc.StatementImpl.executeInternal(StatementImpl.java:829) ~[mysql-connector-java-5.1.49.jar:5.1.49]
	at com.mysql.jdbc.StatementImpl.execute(StatementImpl.java:729) ~[mysql-connector-java-5.1.49.jar:5.1.49]
	at org.hibernate.tool.schema.internal.exec.GenerationTargetToDatabase.accept(GenerationTargetToDatabase.java:54) ~[hibernate-core-5.2.9.Final.jar:5.2.9.Final]
	... 14 more
INFO  | 2021-09-06 21:59:42 | [main] internal.DdlTransactionIsolatorNonJtaImpl (DdlTransactionIsolatorNonJtaImpl.java:47) - HHH10001501: Connection obtained from JdbcConnectionAccess [org.hibernate.engine.jdbc.env.internal.JdbcEnvironmentInitiator$ConnectionProviderJdbcConnectionAccess@459f7aa3] for (non-JTA) DDL execution was not in auto-commit mode; the Connection 'local transaction' will be committed and the Connection will be set into auto-commit mode.
INFO  | 2021-09-06 21:59:42 | [main] internal.SchemaCreatorImpl (SchemaCreatorImpl.java:489) - HHH000476: Executing import script 'org.hibernate.tool.schema.internal.exec.ScriptSourceInputNonExistentImpl@2f4854d6'
INFO  | 2021-09-06 22:00:08 | [main] hibernate.Version (Version.java:45) - HHH000412: Hibernate Core {5.2.9.Final}
INFO  | 2021-09-06 22:00:08 | [main] cfg.Environment (Environment.java:213) - HHH000206: hibernate.properties not found
WARN  | 2021-09-06 22:00:08 | [main] stax.LocalXmlResourceResolver (LocalXmlResourceResolver.java:91) - HHH90000012: Recognized obsolete hibernate namespace http://hibernate.sourceforge.net/hibernate-configuration. Use namespace http://www.hibernate.org/dtd/hibernate-configuration instead.  Support for obsolete DTD/XSD namespaces may be removed at any time.
INFO  | 2021-09-06 22:00:08 | [main] java.JavaReflectionManager (JavaReflectionManager.java:66) - HCANN000001: Hibernate Commons Annotations {5.0.1.Final}
WARN  | 2021-09-06 22:00:08 | [main] internal.DriverManagerConnectionProviderImpl (DriverManagerConnectionProviderImpl.java:70) - HHH10001002: Using Hibernate built-in connection pool (not for production use!)
INFO  | 2021-09-06 22:00:08 | [main] internal.DriverManagerConnectionProviderImpl (DriverManagerConnectionProviderImpl.java:126) - HHH10001005: using driver [com.mysql.jdbc.Driver] at URL [jdbc:mysql://localhost:3306/hibernate_assignment]
INFO  | 2021-09-06 22:00:08 | [main] internal.DriverManagerConnectionProviderImpl (DriverManagerConnectionProviderImpl.java:135) - HHH10001001: Connection properties: {user=root, password=****}
INFO  | 2021-09-06 22:00:08 | [main] internal.DriverManagerConnectionProviderImpl (DriverManagerConnectionProviderImpl.java:140) - HHH10001003: Autocommit mode: false
INFO  | 2021-09-06 22:00:08 | [main] internal.PooledConnections (PooledConnections.java:41) - HHH000115: Hibernate connection pool size: 10 (min=1)
INFO  | 2021-09-06 22:00:09 | [main] dialect.Dialect (Dialect.java:157) - HHH000400: Using dialect: org.hibernate.dialect.MySQL57Dialect
INFO  | 2021-09-06 22:00:10 | [main] internal.DdlTransactionIsolatorNonJtaImpl (DdlTransactionIsolatorNonJtaImpl.java:47) - HHH10001501: Connection obtained from JdbcConnectionAccess [org.hibernate.engine.jdbc.env.internal.JdbcEnvironmentInitiator$ConnectionProviderJdbcConnectionAccess@2fd1731c] for (non-JTA) DDL execution was not in auto-commit mode; the Connection 'local transaction' will be committed and the Connection will be set into auto-commit mode.
INFO  | 2021-09-06 22:00:10 | [main] internal.DdlTransactionIsolatorNonJtaImpl (DdlTransactionIsolatorNonJtaImpl.java:47) - HHH10001501: Connection obtained from JdbcConnectionAccess [org.hibernate.engine.jdbc.env.internal.JdbcEnvironmentInitiator$ConnectionProviderJdbcConnectionAccess@4efcf8a] for (non-JTA) DDL execution was not in auto-commit mode; the Connection 'local transaction' will be committed and the Connection will be set into auto-commit mode.
INFO  | 2021-09-06 22:00:10 | [main] internal.SchemaCreatorImpl (SchemaCreatorImpl.java:489) - HHH000476: Executing import script 'org.hibernate.tool.schema.internal.exec.ScriptSourceInputNonExistentImpl@459f7aa3'
INFO  | 2021-09-06 22:00:29 | [main] hibernate.Version (Version.java:45) - HHH000412: Hibernate Core {5.2.9.Final}
INFO  | 2021-09-06 22:00:29 | [main] cfg.Environment (Environment.java:213) - HHH000206: hibernate.properties not found
WARN  | 2021-09-06 22:00:29 | [main] stax.LocalXmlResourceResolver (LocalXmlResourceResolver.java:91) - HHH90000012: Recognized obsolete hibernate namespace http://hibernate.sourceforge.net/hibernate-configuration. Use namespace http://www.hibernate.org/dtd/hibernate-configuration instead.  Support for obsolete DTD/XSD namespaces may be removed at any time.
INFO  | 2021-09-06 22:00:30 | [main] java.JavaReflectionManager (JavaReflectionManager.java:66) - HCANN000001: Hibernate Commons Annotations {5.0.1.Final}
WARN  | 2021-09-06 22:00:30 | [main] internal.DriverManagerConnectionProviderImpl (DriverManagerConnectionProviderImpl.java:70) - HHH10001002: Using Hibernate built-in connection pool (not for production use!)
INFO  | 2021-09-06 22:00:30 | [main] internal.DriverManagerConnectionProviderImpl (DriverManagerConnectionProviderImpl.java:126) - HHH10001005: using driver [com.mysql.jdbc.Driver] at URL [jdbc:mysql://localhost:3306/hibernate_assignment]
INFO  | 2021-09-06 22:00:30 | [main] internal.DriverManagerConnectionProviderImpl (DriverManagerConnectionProviderImpl.java:135) - HHH10001001: Connection properties: {user=root, password=****}
INFO  | 2021-09-06 22:00:30 | [main] internal.DriverManagerConnectionProviderImpl (DriverManagerConnectionProviderImpl.java:140) - HHH10001003: Autocommit mode: false
INFO  | 2021-09-06 22:00:30 | [main] internal.PooledConnections (PooledConnections.java:41) - HHH000115: Hibernate connection pool size: 10 (min=1)
INFO  | 2021-09-06 22:00:30 | [main] dialect.Dialect (Dialect.java:157) - HHH000400: Using dialect: org.hibernate.dialect.MySQL57Dialect
INFO  | 2021-09-06 22:00:31 | [main] internal.DdlTransactionIsolatorNonJtaImpl (DdlTransactionIsolatorNonJtaImpl.java:47) - HHH10001501: Connection obtained from JdbcConnectionAccess [org.hibernate.engine.jdbc.env.internal.JdbcEnvironmentInitiator$ConnectionProviderJdbcConnectionAccess@2fd1731c] for (non-JTA) DDL execution was not in auto-commit mode; the Connection 'local transaction' will be committed and the Connection will be set into auto-commit mode.
INFO  | 2021-09-06 22:00:31 | [main] internal.DdlTransactionIsolatorNonJtaImpl (DdlTransactionIsolatorNonJtaImpl.java:47) - HHH10001501: Connection obtained from JdbcConnectionAccess [org.hibernate.engine.jdbc.env.internal.JdbcEnvironmentInitiator$ConnectionProviderJdbcConnectionAccess@4efcf8a] for (non-JTA) DDL execution was not in auto-commit mode; the Connection 'local transaction' will be committed and the Connection will be set into auto-commit mode.
INFO  | 2021-09-06 22:00:32 | [main] internal.SchemaCreatorImpl (SchemaCreatorImpl.java:489) - HHH000476: Executing import script 'org.hibernate.tool.schema.internal.exec.ScriptSourceInputNonExistentImpl@459f7aa3'
INFO  | 2021-09-06 22:01:02 | [main] hibernate.Version (Version.java:45) - HHH000412: Hibernate Core {5.2.9.Final}
INFO  | 2021-09-06 22:01:02 | [main] cfg.Environment (Environment.java:213) - HHH000206: hibernate.properties not found
WARN  | 2021-09-06 22:01:02 | [main] stax.LocalXmlResourceResolver (LocalXmlResourceResolver.java:91) - HHH90000012: Recognized obsolete hibernate namespace http://hibernate.sourceforge.net/hibernate-configuration. Use namespace http://www.hibernate.org/dtd/hibernate-configuration instead.  Support for obsolete DTD/XSD namespaces may be removed at any time.
INFO  | 2021-09-06 22:01:02 | [main] java.JavaReflectionManager (JavaReflectionManager.java:66) - HCANN000001: Hibernate Commons Annotations {5.0.1.Final}
WARN  | 2021-09-06 22:01:02 | [main] internal.DriverManagerConnectionProviderImpl (DriverManagerConnectionProviderImpl.java:70) - HHH10001002: Using Hibernate built-in connection pool (not for production use!)
INFO  | 2021-09-06 22:01:02 | [main] internal.DriverManagerConnectionProviderImpl (DriverManagerConnectionProviderImpl.java:126) - HHH10001005: using driver [com.mysql.jdbc.Driver] at URL [jdbc:mysql://localhost:3306/hibernate_assignment]
INFO  | 2021-09-06 22:01:02 | [main] internal.DriverManagerConnectionProviderImpl (DriverManagerConnectionProviderImpl.java:135) - HHH10001001: Connection properties: {user=root, password=****}
INFO  | 2021-09-06 22:01:02 | [main] internal.DriverManagerConnectionProviderImpl (DriverManagerConnectionProviderImpl.java:140) - HHH10001003: Autocommit mode: false
INFO  | 2021-09-06 22:01:02 | [main] internal.PooledConnections (PooledConnections.java:41) - HHH000115: Hibernate connection pool size: 10 (min=1)
INFO  | 2021-09-06 22:01:02 | [main] dialect.Dialect (Dialect.java:157) - HHH000400: Using dialect: org.hibernate.dialect.MySQL57Dialect
INFO  | 2021-09-06 22:01:03 | [main] internal.DdlTransactionIsolatorNonJtaImpl (DdlTransactionIsolatorNonJtaImpl.java:47) - HHH10001501: Connection obtained from JdbcConnectionAccess [org.hibernate.engine.jdbc.env.internal.JdbcEnvironmentInitiator$ConnectionProviderJdbcConnectionAccess@2fd1731c] for (non-JTA) DDL execution was not in auto-commit mode; the Connection 'local transaction' will be committed and the Connection will be set into auto-commit mode.
INFO  | 2021-09-06 22:01:04 | [main] internal.DdlTransactionIsolatorNonJtaImpl (DdlTransactionIsolatorNonJtaImpl.java:47) - HHH10001501: Connection obtained from JdbcConnectionAccess [org.hibernate.engine.jdbc.env.internal.JdbcEnvironmentInitiator$ConnectionProviderJdbcConnectionAccess@4efcf8a] for (non-JTA) DDL execution was not in auto-commit mode; the Connection 'local transaction' will be committed and the Connection will be set into auto-commit mode.
INFO  | 2021-09-06 22:01:05 | [main] internal.SchemaCreatorImpl (SchemaCreatorImpl.java:489) - HHH000476: Executing import script 'org.hibernate.tool.schema.internal.exec.ScriptSourceInputNonExistentImpl@459f7aa3'
INFO  | 2021-09-06 22:01:05 | [main] internal.DriverManagerConnectionProviderImpl (DriverManagerConnectionProviderImpl.java:230) - HHH10001008: Cleaning up connection pool [jdbc:mysql://localhost:3306/hibernate_assignment]
INFO  | 2021-09-06 22:01:58 | [main] hibernate.Version (Version.java:45) - HHH000412: Hibernate Core {5.2.9.Final}
INFO  | 2021-09-06 22:01:58 | [main] cfg.Environment (Environment.java:213) - HHH000206: hibernate.properties not found
WARN  | 2021-09-06 22:01:58 | [main] stax.LocalXmlResourceResolver (LocalXmlResourceResolver.java:91) - HHH90000012: Recognized obsolete hibernate namespace http://hibernate.sourceforge.net/hibernate-configuration. Use namespace http://www.hibernate.org/dtd/hibernate-configuration instead.  Support for obsolete DTD/XSD namespaces may be removed at any time.
INFO  | 2021-09-06 22:01:59 | [main] java.JavaReflectionManager (JavaReflectionManager.java:66) - HCANN000001: Hibernate Commons Annotations {5.0.1.Final}
WARN  | 2021-09-06 22:01:59 | [main] internal.DriverManagerConnectionProviderImpl (DriverManagerConnectionProviderImpl.java:70) - HHH10001002: Using Hibernate built-in connection pool (not for production use!)
INFO  | 2021-09-06 22:01:59 | [main] internal.DriverManagerConnectionProviderImpl (DriverManagerConnectionProviderImpl.java:126) - HHH10001005: using driver [com.mysql.jdbc.Driver] at URL [jdbc:mysql://localhost:3306/hibernate_assignment]
INFO  | 2021-09-06 22:01:59 | [main] internal.DriverManagerConnectionProviderImpl (DriverManagerConnectionProviderImpl.java:135) - HHH10001001: Connection properties: {user=root, password=****}
INFO  | 2021-09-06 22:01:59 | [main] internal.DriverManagerConnectionProviderImpl (DriverManagerConnectionProviderImpl.java:140) - HHH10001003: Autocommit mode: false
INFO  | 2021-09-06 22:01:59 | [main] internal.PooledConnections (PooledConnections.java:41) - HHH000115: Hibernate connection pool size: 10 (min=1)
INFO  | 2021-09-06 22:01:59 | [main] dialect.Dialect (Dialect.java:157) - HHH000400: Using dialect: org.hibernate.dialect.MySQL57Dialect
INFO  | 2021-09-06 22:02:00 | [main] internal.DdlTransactionIsolatorNonJtaImpl (DdlTransactionIsolatorNonJtaImpl.java:47) - HHH10001501: Connection obtained from JdbcConnectionAccess [org.hibernate.engine.jdbc.env.internal.JdbcEnvironmentInitiator$ConnectionProviderJdbcConnectionAccess@379ab47b] for (non-JTA) DDL execution was not in auto-commit mode; the Connection 'local transaction' will be committed and the Connection will be set into auto-commit mode.
WARN  | 2021-09-06 22:02:00 | [main] internal.ExceptionHandlerLoggedImpl (ExceptionHandlerLoggedImpl.java:27) - GenerationTarget encountered exception accepting command : Error executing DDL via JDBC Statement
org.hibernate.tool.schema.spi.CommandAcceptanceException: Error executing DDL via JDBC Statement
	at org.hibernate.tool.schema.internal.exec.GenerationTargetToDatabase.accept(GenerationTargetToDatabase.java:67) ~[hibernate-core-5.2.9.Final.jar:5.2.9.Final]
	at org.hibernate.tool.schema.internal.SchemaDropperImpl.applySqlString(SchemaDropperImpl.java:375) [hibernate-core-5.2.9.Final.jar:5.2.9.Final]
	at org.hibernate.tool.schema.internal.SchemaDropperImpl.applySqlStrings(SchemaDropperImpl.java:359) [hibernate-core-5.2.9.Final.jar:5.2.9.Final]
	at org.hibernate.tool.schema.internal.SchemaDropperImpl.applyConstraintDropping(SchemaDropperImpl.java:331) [hibernate-core-5.2.9.Final.jar:5.2.9.Final]
	at org.hibernate.tool.schema.internal.SchemaDropperImpl.dropFromMetadata(SchemaDropperImpl.java:230) [hibernate-core-5.2.9.Final.jar:5.2.9.Final]
	at org.hibernate.tool.schema.internal.SchemaDropperImpl.performDrop(SchemaDropperImpl.java:154) [hibernate-core-5.2.9.Final.jar:5.2.9.Final]
	at org.hibernate.tool.schema.internal.SchemaDropperImpl.doDrop(SchemaDropperImpl.java:126) [hibernate-core-5.2.9.Final.jar:5.2.9.Final]
	at org.hibernate.tool.schema.internal.SchemaDropperImpl.doDrop(SchemaDropperImpl.java:112) [hibernate-core-5.2.9.Final.jar:5.2.9.Final]
	at org.hibernate.tool.schema.spi.SchemaManagementToolCoordinator.performDatabaseAction(SchemaManagementToolCoordinator.java:144) [hibernate-core-5.2.9.Final.jar:5.2.9.Final]
	at org.hibernate.tool.schema.spi.SchemaManagementToolCoordinator.process(SchemaManagementToolCoordinator.java:72) [hibernate-core-5.2.9.Final.jar:5.2.9.Final]
	at org.hibernate.internal.SessionFactoryImpl.<init>(SessionFactoryImpl.java:309) [hibernate-core-5.2.9.Final.jar:5.2.9.Final]
	at org.hibernate.boot.internal.SessionFactoryBuilderImpl.build(SessionFactoryBuilderImpl.java:445) [hibernate-core-5.2.9.Final.jar:5.2.9.Final]
	at org.hibernate.boot.internal.MetadataImpl.buildSessionFactory(MetadataImpl.java:170) [hibernate-core-5.2.9.Final.jar:5.2.9.Final]
	at com.animalapp.factory.HibernateSessionFactory.getSessionFactory(HibernateSessionFactory.java:18) [classes/:?]
	at com.animalapp.one2many.DemoAnimalCategoryMapping.main(DemoAnimalCategoryMapping.java:12) [classes/:?]
Caused by: com.mysql.jdbc.exceptions.jdbc4.MySQLSyntaxErrorException: Table 'hibernate_assignment.category_table_animal_table2' doesn't exist
	at sun.reflect.NativeConstructorAccessorImpl.newInstance0(Native Method) ~[?:1.8.0_261]
	at sun.reflect.NativeConstructorAccessorImpl.newInstance(Unknown Source) ~[?:1.8.0_261]
	at sun.reflect.DelegatingConstructorAccessorImpl.newInstance(Unknown Source) ~[?:1.8.0_261]
	at java.lang.reflect.Constructor.newInstance(Unknown Source) ~[?:1.8.0_261]
	at com.mysql.jdbc.Util.handleNewInstance(Util.java:403) ~[mysql-connector-java-5.1.49.jar:5.1.49]
	at com.mysql.jdbc.Util.getInstance(Util.java:386) ~[mysql-connector-java-5.1.49.jar:5.1.49]
	at com.mysql.jdbc.SQLError.createSQLException(SQLError.java:944) ~[mysql-connector-java-5.1.49.jar:5.1.49]
	at com.mysql.jdbc.MysqlIO.checkErrorPacket(MysqlIO.java:3933) ~[mysql-connector-java-5.1.49.jar:5.1.49]
	at com.mysql.jdbc.MysqlIO.checkErrorPacket(MysqlIO.java:3869) ~[mysql-connector-java-5.1.49.jar:5.1.49]
	at com.mysql.jdbc.MysqlIO.sendCommand(MysqlIO.java:2524) ~[mysql-connector-java-5.1.49.jar:5.1.49]
	at com.mysql.jdbc.MysqlIO.sqlQueryDirect(MysqlIO.java:2675) ~[mysql-connector-java-5.1.49.jar:5.1.49]
	at com.mysql.jdbc.ConnectionImpl.execSQL(ConnectionImpl.java:2465) ~[mysql-connector-java-5.1.49.jar:5.1.49]
	at com.mysql.jdbc.ConnectionImpl.execSQL(ConnectionImpl.java:2439) ~[mysql-connector-java-5.1.49.jar:5.1.49]
	at com.mysql.jdbc.StatementImpl.executeInternal(StatementImpl.java:829) ~[mysql-connector-java-5.1.49.jar:5.1.49]
	at com.mysql.jdbc.StatementImpl.execute(StatementImpl.java:729) ~[mysql-connector-java-5.1.49.jar:5.1.49]
	at org.hibernate.tool.schema.internal.exec.GenerationTargetToDatabase.accept(GenerationTargetToDatabase.java:54) ~[hibernate-core-5.2.9.Final.jar:5.2.9.Final]
	... 14 more
WARN  | 2021-09-06 22:02:00 | [main] internal.ExceptionHandlerLoggedImpl (ExceptionHandlerLoggedImpl.java:27) - GenerationTarget encountered exception accepting command : Error executing DDL via JDBC Statement
org.hibernate.tool.schema.spi.CommandAcceptanceException: Error executing DDL via JDBC Statement
	at org.hibernate.tool.schema.internal.exec.GenerationTargetToDatabase.accept(GenerationTargetToDatabase.java:67) ~[hibernate-core-5.2.9.Final.jar:5.2.9.Final]
	at org.hibernate.tool.schema.internal.SchemaDropperImpl.applySqlString(SchemaDropperImpl.java:375) [hibernate-core-5.2.9.Final.jar:5.2.9.Final]
	at org.hibernate.tool.schema.internal.SchemaDropperImpl.applySqlStrings(SchemaDropperImpl.java:359) [hibernate-core-5.2.9.Final.jar:5.2.9.Final]
	at org.hibernate.tool.schema.internal.SchemaDropperImpl.applyConstraintDropping(SchemaDropperImpl.java:331) [hibernate-core-5.2.9.Final.jar:5.2.9.Final]
	at org.hibernate.tool.schema.internal.SchemaDropperImpl.dropFromMetadata(SchemaDropperImpl.java:230) [hibernate-core-5.2.9.Final.jar:5.2.9.Final]
	at org.hibernate.tool.schema.internal.SchemaDropperImpl.performDrop(SchemaDropperImpl.java:154) [hibernate-core-5.2.9.Final.jar:5.2.9.Final]
	at org.hibernate.tool.schema.internal.SchemaDropperImpl.doDrop(SchemaDropperImpl.java:126) [hibernate-core-5.2.9.Final.jar:5.2.9.Final]
	at org.hibernate.tool.schema.internal.SchemaDropperImpl.doDrop(SchemaDropperImpl.java:112) [hibernate-core-5.2.9.Final.jar:5.2.9.Final]
	at org.hibernate.tool.schema.spi.SchemaManagementToolCoordinator.performDatabaseAction(SchemaManagementToolCoordinator.java:144) [hibernate-core-5.2.9.Final.jar:5.2.9.Final]
	at org.hibernate.tool.schema.spi.SchemaManagementToolCoordinator.process(SchemaManagementToolCoordinator.java:72) [hibernate-core-5.2.9.Final.jar:5.2.9.Final]
	at org.hibernate.internal.SessionFactoryImpl.<init>(SessionFactoryImpl.java:309) [hibernate-core-5.2.9.Final.jar:5.2.9.Final]
	at org.hibernate.boot.internal.SessionFactoryBuilderImpl.build(SessionFactoryBuilderImpl.java:445) [hibernate-core-5.2.9.Final.jar:5.2.9.Final]
	at org.hibernate.boot.internal.MetadataImpl.buildSessionFactory(MetadataImpl.java:170) [hibernate-core-5.2.9.Final.jar:5.2.9.Final]
	at com.animalapp.factory.HibernateSessionFactory.getSessionFactory(HibernateSessionFactory.java:18) [classes/:?]
	at com.animalapp.one2many.DemoAnimalCategoryMapping.main(DemoAnimalCategoryMapping.java:12) [classes/:?]
Caused by: com.mysql.jdbc.exceptions.jdbc4.MySQLSyntaxErrorException: Table 'hibernate_assignment.category_table_animal_table2' doesn't exist
	at sun.reflect.NativeConstructorAccessorImpl.newInstance0(Native Method) ~[?:1.8.0_261]
	at sun.reflect.NativeConstructorAccessorImpl.newInstance(Unknown Source) ~[?:1.8.0_261]
	at sun.reflect.DelegatingConstructorAccessorImpl.newInstance(Unknown Source) ~[?:1.8.0_261]
	at java.lang.reflect.Constructor.newInstance(Unknown Source) ~[?:1.8.0_261]
	at com.mysql.jdbc.Util.handleNewInstance(Util.java:403) ~[mysql-connector-java-5.1.49.jar:5.1.49]
	at com.mysql.jdbc.Util.getInstance(Util.java:386) ~[mysql-connector-java-5.1.49.jar:5.1.49]
	at com.mysql.jdbc.SQLError.createSQLException(SQLError.java:944) ~[mysql-connector-java-5.1.49.jar:5.1.49]
	at com.mysql.jdbc.MysqlIO.checkErrorPacket(MysqlIO.java:3933) ~[mysql-connector-java-5.1.49.jar:5.1.49]
	at com.mysql.jdbc.MysqlIO.checkErrorPacket(MysqlIO.java:3869) ~[mysql-connector-java-5.1.49.jar:5.1.49]
	at com.mysql.jdbc.MysqlIO.sendCommand(MysqlIO.java:2524) ~[mysql-connector-java-5.1.49.jar:5.1.49]
	at com.mysql.jdbc.MysqlIO.sqlQueryDirect(MysqlIO.java:2675) ~[mysql-connector-java-5.1.49.jar:5.1.49]
	at com.mysql.jdbc.ConnectionImpl.execSQL(ConnectionImpl.java:2465) ~[mysql-connector-java-5.1.49.jar:5.1.49]
	at com.mysql.jdbc.ConnectionImpl.execSQL(ConnectionImpl.java:2439) ~[mysql-connector-java-5.1.49.jar:5.1.49]
	at com.mysql.jdbc.StatementImpl.executeInternal(StatementImpl.java:829) ~[mysql-connector-java-5.1.49.jar:5.1.49]
	at com.mysql.jdbc.StatementImpl.execute(StatementImpl.java:729) ~[mysql-connector-java-5.1.49.jar:5.1.49]
	at org.hibernate.tool.schema.internal.exec.GenerationTargetToDatabase.accept(GenerationTargetToDatabase.java:54) ~[hibernate-core-5.2.9.Final.jar:5.2.9.Final]
	... 14 more
INFO  | 2021-09-06 22:02:00 | [main] internal.DdlTransactionIsolatorNonJtaImpl (DdlTransactionIsolatorNonJtaImpl.java:47) - HHH10001501: Connection obtained from JdbcConnectionAccess [org.hibernate.engine.jdbc.env.internal.JdbcEnvironmentInitiator$ConnectionProviderJdbcConnectionAccess@7a11c4c7] for (non-JTA) DDL execution was not in auto-commit mode; the Connection 'local transaction' will be committed and the Connection will be set into auto-commit mode.
INFO  | 2021-09-06 22:02:02 | [main] internal.SchemaCreatorImpl (SchemaCreatorImpl.java:489) - HHH000476: Executing import script 'org.hibernate.tool.schema.internal.exec.ScriptSourceInputNonExistentImpl@6928f576'
INFO  | 2021-09-06 22:02:02 | [main] internal.DriverManagerConnectionProviderImpl (DriverManagerConnectionProviderImpl.java:230) - HHH10001008: Cleaning up connection pool [jdbc:mysql://localhost:3306/hibernate_assignment]
INFO  | 2021-09-06 22:02:55 | [main] hibernate.Version (Version.java:45) - HHH000412: Hibernate Core {5.2.9.Final}
INFO  | 2021-09-06 22:02:55 | [main] cfg.Environment (Environment.java:213) - HHH000206: hibernate.properties not found
WARN  | 2021-09-06 22:02:55 | [main] stax.LocalXmlResourceResolver (LocalXmlResourceResolver.java:91) - HHH90000012: Recognized obsolete hibernate namespace http://hibernate.sourceforge.net/hibernate-configuration. Use namespace http://www.hibernate.org/dtd/hibernate-configuration instead.  Support for obsolete DTD/XSD namespaces may be removed at any time.
INFO  | 2021-09-06 22:02:56 | [main] java.JavaReflectionManager (JavaReflectionManager.java:66) - HCANN000001: Hibernate Commons Annotations {5.0.1.Final}
WARN  | 2021-09-06 22:02:56 | [main] internal.DriverManagerConnectionProviderImpl (DriverManagerConnectionProviderImpl.java:70) - HHH10001002: Using Hibernate built-in connection pool (not for production use!)
INFO  | 2021-09-06 22:02:56 | [main] internal.DriverManagerConnectionProviderImpl (DriverManagerConnectionProviderImpl.java:126) - HHH10001005: using driver [com.mysql.jdbc.Driver] at URL [jdbc:mysql://localhost:3306/hibernate_assignment]
INFO  | 2021-09-06 22:02:56 | [main] internal.DriverManagerConnectionProviderImpl (DriverManagerConnectionProviderImpl.java:135) - HHH10001001: Connection properties: {user=root, password=****}
INFO  | 2021-09-06 22:02:56 | [main] internal.DriverManagerConnectionProviderImpl (DriverManagerConnectionProviderImpl.java:140) - HHH10001003: Autocommit mode: false
INFO  | 2021-09-06 22:02:56 | [main] internal.PooledConnections (PooledConnections.java:41) - HHH000115: Hibernate connection pool size: 10 (min=1)
INFO  | 2021-09-06 22:02:56 | [main] dialect.Dialect (Dialect.java:157) - HHH000400: Using dialect: org.hibernate.dialect.MySQL57Dialect
INFO  | 2021-09-06 22:02:57 | [main] internal.DdlTransactionIsolatorNonJtaImpl (DdlTransactionIsolatorNonJtaImpl.java:47) - HHH10001501: Connection obtained from JdbcConnectionAccess [org.hibernate.engine.jdbc.env.internal.JdbcEnvironmentInitiator$ConnectionProviderJdbcConnectionAccess@2fd1731c] for (non-JTA) DDL execution was not in auto-commit mode; the Connection 'local transaction' will be committed and the Connection will be set into auto-commit mode.
INFO  | 2021-09-06 22:02:58 | [main] internal.DdlTransactionIsolatorNonJtaImpl (DdlTransactionIsolatorNonJtaImpl.java:47) - HHH10001501: Connection obtained from JdbcConnectionAccess [org.hibernate.engine.jdbc.env.internal.JdbcEnvironmentInitiator$ConnectionProviderJdbcConnectionAccess@4efcf8a] for (non-JTA) DDL execution was not in auto-commit mode; the Connection 'local transaction' will be committed and the Connection will be set into auto-commit mode.
INFO  | 2021-09-06 22:02:58 | [main] internal.SchemaCreatorImpl (SchemaCreatorImpl.java:489) - HHH000476: Executing import script 'org.hibernate.tool.schema.internal.exec.ScriptSourceInputNonExistentImpl@459f7aa3'
INFO  | 2021-09-06 22:02:58 | [main] internal.DriverManagerConnectionProviderImpl (DriverManagerConnectionProviderImpl.java:230) - HHH10001008: Cleaning up connection pool [jdbc:mysql://localhost:3306/hibernate_assignment]
INFO  | 2021-09-06 22:03:32 | [main] hibernate.Version (Version.java:45) - HHH000412: Hibernate Core {5.2.9.Final}
INFO  | 2021-09-06 22:03:32 | [main] cfg.Environment (Environment.java:213) - HHH000206: hibernate.properties not found
WARN  | 2021-09-06 22:03:32 | [main] stax.LocalXmlResourceResolver (LocalXmlResourceResolver.java:91) - HHH90000012: Recognized obsolete hibernate namespace http://hibernate.sourceforge.net/hibernate-configuration. Use namespace http://www.hibernate.org/dtd/hibernate-configuration instead.  Support for obsolete DTD/XSD namespaces may be removed at any time.
INFO  | 2021-09-06 22:03:32 | [main] java.JavaReflectionManager (JavaReflectionManager.java:66) - HCANN000001: Hibernate Commons Annotations {5.0.1.Final}
WARN  | 2021-09-06 22:03:32 | [main] internal.DriverManagerConnectionProviderImpl (DriverManagerConnectionProviderImpl.java:70) - HHH10001002: Using Hibernate built-in connection pool (not for production use!)
INFO  | 2021-09-06 22:03:32 | [main] internal.DriverManagerConnectionProviderImpl (DriverManagerConnectionProviderImpl.java:126) - HHH10001005: using driver [com.mysql.jdbc.Driver] at URL [jdbc:mysql://localhost:3306/hibernate_assignment]
INFO  | 2021-09-06 22:03:32 | [main] internal.DriverManagerConnectionProviderImpl (DriverManagerConnectionProviderImpl.java:135) - HHH10001001: Connection properties: {user=root, password=****}
INFO  | 2021-09-06 22:03:32 | [main] internal.DriverManagerConnectionProviderImpl (DriverManagerConnectionProviderImpl.java:140) - HHH10001003: Autocommit mode: false
INFO  | 2021-09-06 22:03:32 | [main] internal.PooledConnections (PooledConnections.java:41) - HHH000115: Hibernate connection pool size: 10 (min=1)
INFO  | 2021-09-06 22:03:32 | [main] dialect.Dialect (Dialect.java:157) - HHH000400: Using dialect: org.hibernate.dialect.MySQL57Dialect
INFO  | 2021-09-06 22:03:33 | [main] internal.DdlTransactionIsolatorNonJtaImpl (DdlTransactionIsolatorNonJtaImpl.java:47) - HHH10001501: Connection obtained from JdbcConnectionAccess [org.hibernate.engine.jdbc.env.internal.JdbcEnvironmentInitiator$ConnectionProviderJdbcConnectionAccess@2fd1731c] for (non-JTA) DDL execution was not in auto-commit mode; the Connection 'local transaction' will be committed and the Connection will be set into auto-commit mode.
INFO  | 2021-09-06 22:03:34 | [main] internal.DdlTransactionIsolatorNonJtaImpl (DdlTransactionIsolatorNonJtaImpl.java:47) - HHH10001501: Connection obtained from JdbcConnectionAccess [org.hibernate.engine.jdbc.env.internal.JdbcEnvironmentInitiator$ConnectionProviderJdbcConnectionAccess@4efcf8a] for (non-JTA) DDL execution was not in auto-commit mode; the Connection 'local transaction' will be committed and the Connection will be set into auto-commit mode.
INFO  | 2021-09-06 22:03:34 | [main] internal.SchemaCreatorImpl (SchemaCreatorImpl.java:489) - HHH000476: Executing import script 'org.hibernate.tool.schema.internal.exec.ScriptSourceInputNonExistentImpl@459f7aa3'
INFO  | 2021-09-06 22:03:34 | [main] internal.DriverManagerConnectionProviderImpl (DriverManagerConnectionProviderImpl.java:230) - HHH10001008: Cleaning up connection pool [jdbc:mysql://localhost:3306/hibernate_assignment]
INFO  | 2021-09-06 22:04:33 | [main] hibernate.Version (Version.java:45) - HHH000412: Hibernate Core {5.2.9.Final}
INFO  | 2021-09-06 22:04:33 | [main] cfg.Environment (Environment.java:213) - HHH000206: hibernate.properties not found
WARN  | 2021-09-06 22:04:33 | [main] stax.LocalXmlResourceResolver (LocalXmlResourceResolver.java:91) - HHH90000012: Recognized obsolete hibernate namespace http://hibernate.sourceforge.net/hibernate-configuration. Use namespace http://www.hibernate.org/dtd/hibernate-configuration instead.  Support for obsolete DTD/XSD namespaces may be removed at any time.
INFO  | 2021-09-06 22:04:33 | [main] java.JavaReflectionManager (JavaReflectionManager.java:66) - HCANN000001: Hibernate Commons Annotations {5.0.1.Final}
WARN  | 2021-09-06 22:04:33 | [main] internal.DriverManagerConnectionProviderImpl (DriverManagerConnectionProviderImpl.java:70) - HHH10001002: Using Hibernate built-in connection pool (not for production use!)
INFO  | 2021-09-06 22:04:33 | [main] internal.DriverManagerConnectionProviderImpl (DriverManagerConnectionProviderImpl.java:126) - HHH10001005: using driver [com.mysql.jdbc.Driver] at URL [jdbc:mysql://localhost:3306/hibernate_assignment]
INFO  | 2021-09-06 22:04:33 | [main] internal.DriverManagerConnectionProviderImpl (DriverManagerConnectionProviderImpl.java:135) - HHH10001001: Connection properties: {user=root, password=****}
INFO  | 2021-09-06 22:04:33 | [main] internal.DriverManagerConnectionProviderImpl (DriverManagerConnectionProviderImpl.java:140) - HHH10001003: Autocommit mode: false
INFO  | 2021-09-06 22:04:33 | [main] internal.PooledConnections (PooledConnections.java:41) - HHH000115: Hibernate connection pool size: 10 (min=1)
INFO  | 2021-09-06 22:04:34 | [main] dialect.Dialect (Dialect.java:157) - HHH000400: Using dialect: org.hibernate.dialect.MySQL57Dialect
INFO  | 2021-09-06 22:04:35 | [main] internal.DdlTransactionIsolatorNonJtaImpl (DdlTransactionIsolatorNonJtaImpl.java:47) - HHH10001501: Connection obtained from JdbcConnectionAccess [org.hibernate.engine.jdbc.env.internal.JdbcEnvironmentInitiator$ConnectionProviderJdbcConnectionAccess@2fd1731c] for (non-JTA) DDL execution was not in auto-commit mode; the Connection 'local transaction' will be committed and the Connection will be set into auto-commit mode.
INFO  | 2021-09-06 22:04:35 | [main] internal.DdlTransactionIsolatorNonJtaImpl (DdlTransactionIsolatorNonJtaImpl.java:47) - HHH10001501: Connection obtained from JdbcConnectionAccess [org.hibernate.engine.jdbc.env.internal.JdbcEnvironmentInitiator$ConnectionProviderJdbcConnectionAccess@4efcf8a] for (non-JTA) DDL execution was not in auto-commit mode; the Connection 'local transaction' will be committed and the Connection will be set into auto-commit mode.
INFO  | 2021-09-06 22:04:35 | [main] internal.SchemaCreatorImpl (SchemaCreatorImpl.java:489) - HHH000476: Executing import script 'org.hibernate.tool.schema.internal.exec.ScriptSourceInputNonExistentImpl@459f7aa3'
ERROR | 2021-09-06 22:04:36 | [main] internal.ExceptionMapperStandardImpl (ExceptionMapperStandardImpl.java:39) - HHH000346: Error during managed flush [org.hibernate.TransientObjectException: object references an unsaved transient instance - save the transient instance beforeQuery flushing: com.animalapp.one2many.Category]
INFO  | 2021-09-06 22:05:57 | [main] hibernate.Version (Version.java:45) - HHH000412: Hibernate Core {5.2.9.Final}
INFO  | 2021-09-06 22:05:57 | [main] cfg.Environment (Environment.java:213) - HHH000206: hibernate.properties not found
WARN  | 2021-09-06 22:05:57 | [main] stax.LocalXmlResourceResolver (LocalXmlResourceResolver.java:91) - HHH90000012: Recognized obsolete hibernate namespace http://hibernate.sourceforge.net/hibernate-configuration. Use namespace http://www.hibernate.org/dtd/hibernate-configuration instead.  Support for obsolete DTD/XSD namespaces may be removed at any time.
INFO  | 2021-09-06 22:05:57 | [main] java.JavaReflectionManager (JavaReflectionManager.java:66) - HCANN000001: Hibernate Commons Annotations {5.0.1.Final}
WARN  | 2021-09-06 22:05:57 | [main] internal.DriverManagerConnectionProviderImpl (DriverManagerConnectionProviderImpl.java:70) - HHH10001002: Using Hibernate built-in connection pool (not for production use!)
INFO  | 2021-09-06 22:05:57 | [main] internal.DriverManagerConnectionProviderImpl (DriverManagerConnectionProviderImpl.java:126) - HHH10001005: using driver [com.mysql.jdbc.Driver] at URL [jdbc:mysql://localhost:3306/hibernate_assignment]
INFO  | 2021-09-06 22:05:57 | [main] internal.DriverManagerConnectionProviderImpl (DriverManagerConnectionProviderImpl.java:135) - HHH10001001: Connection properties: {user=root, password=****}
INFO  | 2021-09-06 22:05:57 | [main] internal.DriverManagerConnectionProviderImpl (DriverManagerConnectionProviderImpl.java:140) - HHH10001003: Autocommit mode: false
INFO  | 2021-09-06 22:05:57 | [main] internal.PooledConnections (PooledConnections.java:41) - HHH000115: Hibernate connection pool size: 10 (min=1)
INFO  | 2021-09-06 22:05:58 | [main] dialect.Dialect (Dialect.java:157) - HHH000400: Using dialect: org.hibernate.dialect.MySQL57Dialect
INFO  | 2021-09-06 22:05:59 | [main] internal.DdlTransactionIsolatorNonJtaImpl (DdlTransactionIsolatorNonJtaImpl.java:47) - HHH10001501: Connection obtained from JdbcConnectionAccess [org.hibernate.engine.jdbc.env.internal.JdbcEnvironmentInitiator$ConnectionProviderJdbcConnectionAccess@6063d80a] for (non-JTA) DDL execution was not in auto-commit mode; the Connection 'local transaction' will be committed and the Connection will be set into auto-commit mode.
INFO  | 2021-09-06 22:05:59 | [main] internal.DdlTransactionIsolatorNonJtaImpl (DdlTransactionIsolatorNonJtaImpl.java:47) - HHH10001501: Connection obtained from JdbcConnectionAccess [org.hibernate.engine.jdbc.env.internal.JdbcEnvironmentInitiator$ConnectionProviderJdbcConnectionAccess@379ab47b] for (non-JTA) DDL execution was not in auto-commit mode; the Connection 'local transaction' will be committed and the Connection will be set into auto-commit mode.
INFO  | 2021-09-06 22:05:59 | [main] internal.SchemaCreatorImpl (SchemaCreatorImpl.java:489) - HHH000476: Executing import script 'org.hibernate.tool.schema.internal.exec.ScriptSourceInputNonExistentImpl@7db534f2'
INFO  | 2021-09-06 22:05:59 | [main] internal.DriverManagerConnectionProviderImpl (DriverManagerConnectionProviderImpl.java:230) - HHH10001008: Cleaning up connection pool [jdbc:mysql://localhost:3306/hibernate_assignment]
INFO  | 2021-09-06 22:29:29 | [main] hibernate.Version (Version.java:45) - HHH000412: Hibernate Core {5.2.9.Final}
INFO  | 2021-09-06 22:29:29 | [main] cfg.Environment (Environment.java:213) - HHH000206: hibernate.properties not found
WARN  | 2021-09-06 22:29:29 | [main] stax.LocalXmlResourceResolver (LocalXmlResourceResolver.java:91) - HHH90000012: Recognized obsolete hibernate namespace http://hibernate.sourceforge.net/hibernate-configuration. Use namespace http://www.hibernate.org/dtd/hibernate-configuration instead.  Support for obsolete DTD/XSD namespaces may be removed at any time.
INFO  | 2021-09-06 22:29:29 | [main] java.JavaReflectionManager (JavaReflectionManager.java:66) - HCANN000001: Hibernate Commons Annotations {5.0.1.Final}
WARN  | 2021-09-06 22:29:29 | [main] internal.DriverManagerConnectionProviderImpl (DriverManagerConnectionProviderImpl.java:70) - HHH10001002: Using Hibernate built-in connection pool (not for production use!)
INFO  | 2021-09-06 22:29:29 | [main] internal.DriverManagerConnectionProviderImpl (DriverManagerConnectionProviderImpl.java:126) - HHH10001005: using driver [com.mysql.jdbc.Driver] at URL [jdbc:mysql://localhost:3306/hibernate_assignment]
INFO  | 2021-09-06 22:29:29 | [main] internal.DriverManagerConnectionProviderImpl (DriverManagerConnectionProviderImpl.java:135) - HHH10001001: Connection properties: {user=root, password=****}
INFO  | 2021-09-06 22:29:29 | [main] internal.DriverManagerConnectionProviderImpl (DriverManagerConnectionProviderImpl.java:140) - HHH10001003: Autocommit mode: false
INFO  | 2021-09-06 22:29:29 | [main] internal.PooledConnections (PooledConnections.java:41) - HHH000115: Hibernate connection pool size: 10 (min=1)
INFO  | 2021-09-06 22:29:29 | [main] dialect.Dialect (Dialect.java:157) - HHH000400: Using dialect: org.hibernate.dialect.MySQL57Dialect
INFO  | 2021-09-06 22:29:30 | [main] internal.DdlTransactionIsolatorNonJtaImpl (DdlTransactionIsolatorNonJtaImpl.java:47) - HHH10001501: Connection obtained from JdbcConnectionAccess [org.hibernate.engine.jdbc.env.internal.JdbcEnvironmentInitiator$ConnectionProviderJdbcConnectionAccess@54709809] for (non-JTA) DDL execution was not in auto-commit mode; the Connection 'local transaction' will be committed and the Connection will be set into auto-commit mode.
WARN  | 2021-09-06 22:29:30 | [main] internal.ExceptionHandlerLoggedImpl (ExceptionHandlerLoggedImpl.java:27) - GenerationTarget encountered exception accepting command : Error executing DDL via JDBC Statement
org.hibernate.tool.schema.spi.CommandAcceptanceException: Error executing DDL via JDBC Statement
	at org.hibernate.tool.schema.internal.exec.GenerationTargetToDatabase.accept(GenerationTargetToDatabase.java:67) ~[hibernate-core-5.2.9.Final.jar:5.2.9.Final]
	at org.hibernate.tool.schema.internal.SchemaDropperImpl.applySqlString(SchemaDropperImpl.java:375) [hibernate-core-5.2.9.Final.jar:5.2.9.Final]
	at org.hibernate.tool.schema.internal.SchemaDropperImpl.applySqlStrings(SchemaDropperImpl.java:359) [hibernate-core-5.2.9.Final.jar:5.2.9.Final]
	at org.hibernate.tool.schema.internal.SchemaDropperImpl.applyConstraintDropping(SchemaDropperImpl.java:331) [hibernate-core-5.2.9.Final.jar:5.2.9.Final]
	at org.hibernate.tool.schema.internal.SchemaDropperImpl.dropFromMetadata(SchemaDropperImpl.java:230) [hibernate-core-5.2.9.Final.jar:5.2.9.Final]
	at org.hibernate.tool.schema.internal.SchemaDropperImpl.performDrop(SchemaDropperImpl.java:154) [hibernate-core-5.2.9.Final.jar:5.2.9.Final]
	at org.hibernate.tool.schema.internal.SchemaDropperImpl.doDrop(SchemaDropperImpl.java:126) [hibernate-core-5.2.9.Final.jar:5.2.9.Final]
	at org.hibernate.tool.schema.internal.SchemaDropperImpl.doDrop(SchemaDropperImpl.java:112) [hibernate-core-5.2.9.Final.jar:5.2.9.Final]
	at org.hibernate.tool.schema.spi.SchemaManagementToolCoordinator.performDatabaseAction(SchemaManagementToolCoordinator.java:144) [hibernate-core-5.2.9.Final.jar:5.2.9.Final]
	at org.hibernate.tool.schema.spi.SchemaManagementToolCoordinator.process(SchemaManagementToolCoordinator.java:72) [hibernate-core-5.2.9.Final.jar:5.2.9.Final]
	at org.hibernate.internal.SessionFactoryImpl.<init>(SessionFactoryImpl.java:309) [hibernate-core-5.2.9.Final.jar:5.2.9.Final]
	at org.hibernate.boot.internal.SessionFactoryBuilderImpl.build(SessionFactoryBuilderImpl.java:445) [hibernate-core-5.2.9.Final.jar:5.2.9.Final]
	at org.hibernate.boot.internal.MetadataImpl.buildSessionFactory(MetadataImpl.java:170) [hibernate-core-5.2.9.Final.jar:5.2.9.Final]
	at com.animalapp.factory.HibernateSessionFactory.getSessionFactory(HibernateSessionFactory.java:18) [classes/:?]
	at com.animalapp.one2many.DemoAnimalCategoryMapping.main(DemoAnimalCategoryMapping.java:12) [classes/:?]
Caused by: java.sql.SQLException: Error on rename of '.\hibernate_assignment\animal_table2' to '.\hibernate_assignment\#sql2-11c8-19' (errno: 152)
	at com.mysql.jdbc.SQLError.createSQLException(SQLError.java:965) ~[mysql-connector-java-5.1.49.jar:5.1.49]
	at com.mysql.jdbc.MysqlIO.checkErrorPacket(MysqlIO.java:3933) ~[mysql-connector-java-5.1.49.jar:5.1.49]
	at com.mysql.jdbc.MysqlIO.checkErrorPacket(MysqlIO.java:3869) ~[mysql-connector-java-5.1.49.jar:5.1.49]
	at com.mysql.jdbc.MysqlIO.sendCommand(MysqlIO.java:2524) ~[mysql-connector-java-5.1.49.jar:5.1.49]
	at com.mysql.jdbc.MysqlIO.sqlQueryDirect(MysqlIO.java:2675) ~[mysql-connector-java-5.1.49.jar:5.1.49]
	at com.mysql.jdbc.ConnectionImpl.execSQL(ConnectionImpl.java:2465) ~[mysql-connector-java-5.1.49.jar:5.1.49]
	at com.mysql.jdbc.ConnectionImpl.execSQL(ConnectionImpl.java:2439) ~[mysql-connector-java-5.1.49.jar:5.1.49]
	at com.mysql.jdbc.StatementImpl.executeInternal(StatementImpl.java:829) ~[mysql-connector-java-5.1.49.jar:5.1.49]
	at com.mysql.jdbc.StatementImpl.execute(StatementImpl.java:729) ~[mysql-connector-java-5.1.49.jar:5.1.49]
	at org.hibernate.tool.schema.internal.exec.GenerationTargetToDatabase.accept(GenerationTargetToDatabase.java:54) ~[hibernate-core-5.2.9.Final.jar:5.2.9.Final]
	... 14 more
INFO  | 2021-09-06 22:29:30 | [main] internal.DdlTransactionIsolatorNonJtaImpl (DdlTransactionIsolatorNonJtaImpl.java:47) - HHH10001501: Connection obtained from JdbcConnectionAccess [org.hibernate.engine.jdbc.env.internal.JdbcEnvironmentInitiator$ConnectionProviderJdbcConnectionAccess@7eb01b12] for (non-JTA) DDL execution was not in auto-commit mode; the Connection 'local transaction' will be committed and the Connection will be set into auto-commit mode.
INFO  | 2021-09-06 22:29:31 | [main] internal.SchemaCreatorImpl (SchemaCreatorImpl.java:489) - HHH000476: Executing import script 'org.hibernate.tool.schema.internal.exec.ScriptSourceInputNonExistentImpl@388ffbc2'
INFO  | 2021-09-06 22:29:31 | [main] internal.DriverManagerConnectionProviderImpl (DriverManagerConnectionProviderImpl.java:230) - HHH10001008: Cleaning up connection pool [jdbc:mysql://localhost:3306/hibernate_assignment]
INFO  | 2021-09-06 22:31:33 | [main] hibernate.Version (Version.java:45) - HHH000412: Hibernate Core {5.2.9.Final}
INFO  | 2021-09-06 22:31:33 | [main] cfg.Environment (Environment.java:213) - HHH000206: hibernate.properties not found
WARN  | 2021-09-06 22:31:33 | [main] stax.LocalXmlResourceResolver (LocalXmlResourceResolver.java:91) - HHH90000012: Recognized obsolete hibernate namespace http://hibernate.sourceforge.net/hibernate-configuration. Use namespace http://www.hibernate.org/dtd/hibernate-configuration instead.  Support for obsolete DTD/XSD namespaces may be removed at any time.
INFO  | 2021-09-06 22:31:33 | [main] java.JavaReflectionManager (JavaReflectionManager.java:66) - HCANN000001: Hibernate Commons Annotations {5.0.1.Final}
WARN  | 2021-09-06 22:31:33 | [main] internal.DriverManagerConnectionProviderImpl (DriverManagerConnectionProviderImpl.java:70) - HHH10001002: Using Hibernate built-in connection pool (not for production use!)
INFO  | 2021-09-06 22:31:33 | [main] internal.DriverManagerConnectionProviderImpl (DriverManagerConnectionProviderImpl.java:126) - HHH10001005: using driver [com.mysql.jdbc.Driver] at URL [jdbc:mysql://localhost:3306/hibernate_assignment]
INFO  | 2021-09-06 22:31:33 | [main] internal.DriverManagerConnectionProviderImpl (DriverManagerConnectionProviderImpl.java:135) - HHH10001001: Connection properties: {user=root, password=****}
INFO  | 2021-09-06 22:31:33 | [main] internal.DriverManagerConnectionProviderImpl (DriverManagerConnectionProviderImpl.java:140) - HHH10001003: Autocommit mode: false
INFO  | 2021-09-06 22:31:33 | [main] internal.PooledConnections (PooledConnections.java:41) - HHH000115: Hibernate connection pool size: 10 (min=1)
INFO  | 2021-09-06 22:31:33 | [main] dialect.Dialect (Dialect.java:157) - HHH000400: Using dialect: org.hibernate.dialect.MySQL57Dialect
INFO  | 2021-09-06 22:31:34 | [main] internal.DdlTransactionIsolatorNonJtaImpl (DdlTransactionIsolatorNonJtaImpl.java:47) - HHH10001501: Connection obtained from JdbcConnectionAccess [org.hibernate.engine.jdbc.env.internal.JdbcEnvironmentInitiator$ConnectionProviderJdbcConnectionAccess@54709809] for (non-JTA) DDL execution was not in auto-commit mode; the Connection 'local transaction' will be committed and the Connection will be set into auto-commit mode.
WARN  | 2021-09-06 22:31:34 | [main] internal.ExceptionHandlerLoggedImpl (ExceptionHandlerLoggedImpl.java:27) - GenerationTarget encountered exception accepting command : Error executing DDL via JDBC Statement
org.hibernate.tool.schema.spi.CommandAcceptanceException: Error executing DDL via JDBC Statement
	at org.hibernate.tool.schema.internal.exec.GenerationTargetToDatabase.accept(GenerationTargetToDatabase.java:67) ~[hibernate-core-5.2.9.Final.jar:5.2.9.Final]
	at org.hibernate.tool.schema.internal.SchemaDropperImpl.applySqlString(SchemaDropperImpl.java:375) [hibernate-core-5.2.9.Final.jar:5.2.9.Final]
	at org.hibernate.tool.schema.internal.SchemaDropperImpl.applySqlStrings(SchemaDropperImpl.java:359) [hibernate-core-5.2.9.Final.jar:5.2.9.Final]
	at org.hibernate.tool.schema.internal.SchemaDropperImpl.applyConstraintDropping(SchemaDropperImpl.java:331) [hibernate-core-5.2.9.Final.jar:5.2.9.Final]
	at org.hibernate.tool.schema.internal.SchemaDropperImpl.dropFromMetadata(SchemaDropperImpl.java:230) [hibernate-core-5.2.9.Final.jar:5.2.9.Final]
	at org.hibernate.tool.schema.internal.SchemaDropperImpl.performDrop(SchemaDropperImpl.java:154) [hibernate-core-5.2.9.Final.jar:5.2.9.Final]
	at org.hibernate.tool.schema.internal.SchemaDropperImpl.doDrop(SchemaDropperImpl.java:126) [hibernate-core-5.2.9.Final.jar:5.2.9.Final]
	at org.hibernate.tool.schema.internal.SchemaDropperImpl.doDrop(SchemaDropperImpl.java:112) [hibernate-core-5.2.9.Final.jar:5.2.9.Final]
	at org.hibernate.tool.schema.spi.SchemaManagementToolCoordinator.performDatabaseAction(SchemaManagementToolCoordinator.java:144) [hibernate-core-5.2.9.Final.jar:5.2.9.Final]
	at org.hibernate.tool.schema.spi.SchemaManagementToolCoordinator.process(SchemaManagementToolCoordinator.java:72) [hibernate-core-5.2.9.Final.jar:5.2.9.Final]
	at org.hibernate.internal.SessionFactoryImpl.<init>(SessionFactoryImpl.java:309) [hibernate-core-5.2.9.Final.jar:5.2.9.Final]
	at org.hibernate.boot.internal.SessionFactoryBuilderImpl.build(SessionFactoryBuilderImpl.java:445) [hibernate-core-5.2.9.Final.jar:5.2.9.Final]
	at org.hibernate.boot.internal.MetadataImpl.buildSessionFactory(MetadataImpl.java:170) [hibernate-core-5.2.9.Final.jar:5.2.9.Final]
	at com.animalapp.factory.HibernateSessionFactory.getSessionFactory(HibernateSessionFactory.java:18) [classes/:?]
	at com.animalapp.one2many.DemoAnimalCategoryMapping.main(DemoAnimalCategoryMapping.java:12) [classes/:?]
Caused by: com.mysql.jdbc.exceptions.jdbc4.MySQLSyntaxErrorException: Table 'hibernate_assignment.animal_table2' doesn't exist
	at sun.reflect.NativeConstructorAccessorImpl.newInstance0(Native Method) ~[?:1.8.0_261]
	at sun.reflect.NativeConstructorAccessorImpl.newInstance(Unknown Source) ~[?:1.8.0_261]
	at sun.reflect.DelegatingConstructorAccessorImpl.newInstance(Unknown Source) ~[?:1.8.0_261]
	at java.lang.reflect.Constructor.newInstance(Unknown Source) ~[?:1.8.0_261]
	at com.mysql.jdbc.Util.handleNewInstance(Util.java:403) ~[mysql-connector-java-5.1.49.jar:5.1.49]
	at com.mysql.jdbc.Util.getInstance(Util.java:386) ~[mysql-connector-java-5.1.49.jar:5.1.49]
	at com.mysql.jdbc.SQLError.createSQLException(SQLError.java:944) ~[mysql-connector-java-5.1.49.jar:5.1.49]
	at com.mysql.jdbc.MysqlIO.checkErrorPacket(MysqlIO.java:3933) ~[mysql-connector-java-5.1.49.jar:5.1.49]
	at com.mysql.jdbc.MysqlIO.checkErrorPacket(MysqlIO.java:3869) ~[mysql-connector-java-5.1.49.jar:5.1.49]
	at com.mysql.jdbc.MysqlIO.sendCommand(MysqlIO.java:2524) ~[mysql-connector-java-5.1.49.jar:5.1.49]
	at com.mysql.jdbc.MysqlIO.sqlQueryDirect(MysqlIO.java:2675) ~[mysql-connector-java-5.1.49.jar:5.1.49]
	at com.mysql.jdbc.ConnectionImpl.execSQL(ConnectionImpl.java:2465) ~[mysql-connector-java-5.1.49.jar:5.1.49]
	at com.mysql.jdbc.ConnectionImpl.execSQL(ConnectionImpl.java:2439) ~[mysql-connector-java-5.1.49.jar:5.1.49]
	at com.mysql.jdbc.StatementImpl.executeInternal(StatementImpl.java:829) ~[mysql-connector-java-5.1.49.jar:5.1.49]
	at com.mysql.jdbc.StatementImpl.execute(StatementImpl.java:729) ~[mysql-connector-java-5.1.49.jar:5.1.49]
	at org.hibernate.tool.schema.internal.exec.GenerationTargetToDatabase.accept(GenerationTargetToDatabase.java:54) ~[hibernate-core-5.2.9.Final.jar:5.2.9.Final]
	... 14 more
INFO  | 2021-09-06 22:31:34 | [main] internal.DdlTransactionIsolatorNonJtaImpl (DdlTransactionIsolatorNonJtaImpl.java:47) - HHH10001501: Connection obtained from JdbcConnectionAccess [org.hibernate.engine.jdbc.env.internal.JdbcEnvironmentInitiator$ConnectionProviderJdbcConnectionAccess@61d9efe0] for (non-JTA) DDL execution was not in auto-commit mode; the Connection 'local transaction' will be committed and the Connection will be set into auto-commit mode.
INFO  | 2021-09-06 22:31:35 | [main] internal.SchemaCreatorImpl (SchemaCreatorImpl.java:489) - HHH000476: Executing import script 'org.hibernate.tool.schema.internal.exec.ScriptSourceInputNonExistentImpl@4da855dd'
INFO  | 2021-09-06 22:31:35 | [main] internal.DriverManagerConnectionProviderImpl (DriverManagerConnectionProviderImpl.java:230) - HHH10001008: Cleaning up connection pool [jdbc:mysql://localhost:3306/hibernate_assignment]
